[2026-04-24T14:52:17Z] === ENRICH ITERATION 6 START | repo=rubocop/rubocop sha=2c1b30a4 ===
[2026-04-24T14:52:17Z] [iter=6] PHASE START: enrich repo=rubocop/rubocop sha=2c1b30a4 runlog=/home/runner/work/forx/forx/storage/aggregate/lsp/logs/2c1b30a4-enrich-iter-006.log output=/home/runner/work/forx/forx/storage/aggregate/lsp/2c1b30a47d357599f36ae69c41a63966e68d7592.nq.gz
[2026-04-24T14:52:32Z] [iter=6] Step 1: Loading AST into disk-backed store mem_mb=78 MB
[2026-04-24T14:53:27Z] [iter=6] AST store loaded triples=5950511 load_secs=53 mem_mb=1042 MB
[2026-04-24T14:53:27Z] [iter=6] Step 2: Finding LSP targets mem_mb=1042 MB
[2026-04-24T14:54:06Z] [iter=6] LSP targets found call_sites=110373 imports=0 extends=0 implements=0 secs=39
[2026-04-24T14:54:18Z] [iter=6] Loaded checkpoint partial graph triples=264398
[2026-04-24T14:54:53Z] [iter=6] Step 2.7: Building position index (one-shot, shared across resolvers) mem_mb=1203 MB
[2026-04-24T14:55:32Z] [iter=6] Position index built positions=360605 nodes_with_types=478814 secs=40 mem_mb=1877 MB
[2026-04-24T14:55:32Z] [iter=6] Step 3: Starting LSP resolution mem_mb=1877 MB already_completed_types=[] already_completed_files=1303
[2026-04-24T14:55:32Z] [iter=6] Resolving target type target_type=call_site count=110373
[2026-04-24T14:55:34Z] [iter=6] HEARTBEAT target_type=call_site elapsed_min=3.3 files_done=0 resolved=0 errors=0 current=lib/rubocop/cop/layout/end_of_line.rb
[2026-04-24T14:56:28Z] [iter=6] HEARTBEAT target_type=call_site elapsed_min=4.2 files_done=1 resolved=0 errors=19 current=lib/rubocop/cop/style/operator_method_call.rb
[2026-04-24T14:58:49Z] [iter=6] HEARTBEAT target_type=call_site elapsed_min=6.5 files_done=2 resolved=1 errors=77 current=spec/rubocop/cop/lint/useless_method_definition_spec.rb
[2026-04-24T14:59:47Z] [iter=6] HEARTBEAT target_type=call_site elapsed_min=7.5 files_done=4 resolved=2 errors=101 current=lib/rubocop/cop/offense.rb
[2026-04-24T15:00:22Z] [iter=6] HEARTBEAT target_type=call_site elapsed_min=8.1 files_done=5 resolved=33 errors=115 current=lib/rubocop/cop/style/missing_respond_to_missing.rb
[2026-04-24T15:01:25Z] [iter=6] HEARTBEAT target_type=call_site elapsed_min=9.1 files_done=8 resolved=36 errors=141 current=spec/rubocop/cop/layout/space_inside_percent_literal_delimiters_spec.rb
[2026-04-24T15:01:55Z] [iter=6] HEARTBEAT target_type=call_site elapsed_min=9.6 files_done=15 resolved=41 errors=153 current=spec/rubocop/cop/style/multiline_in_pattern_then_spec.rb
[2026-04-24T15:02:40Z] [iter=6] HEARTBEAT target_type=call_site elapsed_min=10.4 files_done=18 resolved=47 errors=172 current=spec/rubocop/cop/style/class_vars_spec.rb
[2026-04-24T15:03:33Z] [iter=6] HEARTBEAT target_type=call_site elapsed_min=11.3 files_done=21 resolved=50 errors=194 current=lib/rubocop/server/core.rb
[2026-04-24T15:04:35Z] [iter=6] HEARTBEAT target_type=call_site elapsed_min=12.3 files_done=22 resolved=67 errors=220 current=lib/rubocop/cop/style/frozen_string_literal_comment.rb
[2026-04-24T15:07:05Z] [iter=6] HEARTBEAT target_type=call_site elapsed_min=14.8 files_done=23 resolved=72 errors=283 current=spec/rubocop/cop/lint/ensure_return_spec.rb
[2026-04-24T15:07:42Z] [iter=6] HEARTBEAT target_type=call_site elapsed_min=15.4 files_done=27 resolved=75 errors=298 current=lib/rubocop/cop/style/mixin_usage.rb
[2026-04-24T15:10:33Z] [iter=6] HEARTBEAT target_type=call_site elapsed_min=18.3 files_done=29 resolved=82 errors=370 current=lib/rubocop/cop/style/array_first_last.rb
[2026-04-24T15:11:55Z] [iter=6] HEARTBEAT target_type=call_site elapsed_min=19.6 files_done=30 resolved=84 errors=404 current=lib/rubocop/cop/internal_affairs/node_type_predicate.rb
[2026-04-24T15:13:45Z] [iter=6] HEARTBEAT target_type=call_site elapsed_min=21.5 files_done=32 resolved=91 errors=450 current=lib/rubocop/cop/correctors/string_literal_corrector.rb
[2026-04-24T15:14:52Z] [iter=6] HEARTBEAT target_type=call_site elapsed_min=22.6 files_done=35 resolved=95 errors=478 current=lib/rubocop/server/client_command/start.rb
[2026-04-24T15:15:47Z] [iter=6] HEARTBEAT target_type=call_site elapsed_min=23.5 files_done=38 resolved=104 errors=501 current=lib/rubocop/server/socket_reader.rb
[2026-04-24T15:16:51Z] [iter=6] HEARTBEAT target_type=call_site elapsed_min=24.6 files_done=39 resolved=109 errors=528 current=lib/rubocop/cop/mixin/configurable_max.rb
[2026-04-24T15:18:22Z] [iter=6] HEARTBEAT target_type=call_site elapsed_min=26.1 files_done=44 resolved=115 errors=566 current=spec/rubocop/cop/layout/empty_lines_around_block_body_spec.rb
[2026-04-24T15:19:39Z] [iter=6] HEARTBEAT target_type=call_site elapsed_min=27.4 files_done=46 resolved=117 errors=598 current=spec/rubocop/cop/gemspec/deprecated_attribute_assignment_spec.rb
[2026-04-24T15:20:14Z] [iter=6] HEARTBEAT target_type=call_site elapsed_min=27.9 files_done=49 resolved=119 errors=612 current=spec/rubocop/cop/lint/uri_regexp_spec.rb
[2026-04-24T15:21:15Z] [iter=6] HEARTBEAT target_type=call_site elapsed_min=29.0 files_done=52 resolved=125 errors=637 current=spec/rubocop/cop/style/preferred_hash_methods_spec.rb
[2026-04-24T15:21:54Z] [iter=6] HEARTBEAT target_type=call_site elapsed_min=29.6 files_done=56 resolved=127 errors=653 current=lib/rubocop/cop/mixin/safe_assignment.rb
[2026-04-24T15:24:18Z] [iter=6] HEARTBEAT target_type=call_site elapsed_min=32.0 files_done=58 resolved=135 errors=713 current=lib/rubocop/core_ext/string.rb
[2026-04-24T15:25:13Z] [iter=6] HEARTBEAT target_type=call_site elapsed_min=32.9 files_done=61 resolved=141 errors=736 current=lib/rubocop/cop/style/nested_parenthesized_calls.rb
[2026-04-24T15:26:16Z] [iter=6] HEARTBEAT target_type=call_site elapsed_min=34.0 files_done=62 resolved=145 errors=762 current=lib/rubocop/cop/lint/interpolation_check.rb
[2026-04-24T15:27:39Z] [iter=6] HEARTBEAT target_type=call_site elapsed_min=35.4 files_done=63 resolved=146 errors=797 current=spec/rubocop/cop/layout/first_method_parameter_line_break_spec.rb
[2026-04-24T15:28:32Z] [iter=6] HEARTBEAT target_type=call_site elapsed_min=36.3 files_done=65 resolved=148 errors=819 current=lib/rubocop/cop/layout/condition_position.rb
[2026-04-24T15:29:15Z] [iter=6] HEARTBEAT target_type=call_site elapsed_min=37.0 files_done=66 resolved=151 errors=837 current=lib/rubocop/cop/lint/useless_ruby2_keywords.rb
[2026-04-24T15:30:25Z] [iter=6] HEARTBEAT target_type=call_site elapsed_min=38.1 files_done=67 resolved=155 errors=866 current=spec/rubocop/plugin_spec.rb
[2026-04-24T15:31:33Z] [iter=6] HEARTBEAT target_type=call_site elapsed_min=39.3 files_done=72 resolved=165 errors=894 current=spec/rubocop/cop/style/not_spec.rb
[2026-04-24T15:32:27Z] [iter=6] HEARTBEAT target_type=call_site elapsed_min=40.2 files_done=76 resolved=169 errors=916 current=lib/rubocop/cop/mixin/line_length_help.rb
[2026-04-24T15:33:39Z] [iter=6] HEARTBEAT target_type=call_site elapsed_min=41.4 files_done=77 resolved=171 errors=946 current=lib/rubocop/cop/style/redundant_freeze.rb
[2026-04-24T15:34:27Z] [iter=6] HEARTBEAT target_type=call_site elapsed_min=42.2 files_done=78 resolved=175 errors=966 current=lib/rubocop/cop/style/object_then.rb
[2026-04-24T15:35:23Z] [iter=6] HEARTBEAT target_type=call_site elapsed_min=43.1 files_done=79 resolved=179 errors=989 current=spec/rubocop/cop/internal_affairs/node_type_multiple_predicates_spec.rb
[2026-04-24T15:36:03Z] [iter=6] HEARTBEAT target_type=call_site elapsed_min=43.8 files_done=84 resolved=201 errors=1005 current=spec/rubocop/cop/style/open_struct_use_spec.rb
[2026-04-24T15:39:43Z] [iter=6] HEARTBEAT target_type=call_site elapsed_min=47.4 files_done=87 resolved=209 errors=1097 current=lib/rubocop/cop/lint/unmodified_reduce_accumulator.rb
[2026-04-24T15:41:09Z] [iter=6] HEARTBEAT target_type=call_site elapsed_min=48.9 files_done=88 resolved=223 errors=1133 current=lib/rubocop/ext/regexp_node.rb
[2026-04-24T15:42:00Z] [iter=6] HEARTBEAT target_type=call_site elapsed_min=49.7 files_done=90 resolved=230 errors=1154 current=spec/rubocop/cop/style/self_assignment_spec.rb
[2026-04-24T15:42:45Z] [iter=6] HEARTBEAT target_type=call_site elapsed_min=50.5 files_done=92 resolved=233 errors=1173 current=spec/rubocop/cop/lint/useless_else_without_rescue_spec.rb
[2026-04-24T15:43:17Z] [iter=6] HEARTBEAT target_type=call_site elapsed_min=51.0 files_done=95 resolved=237 errors=1186 current=lib/rubocop/cop/style/string_methods.rb
[2026-04-24T15:44:21Z] [iter=6] HEARTBEAT target_type=call_site elapsed_min=52.1 files_done=97 resolved=241 errors=1212 current=lib/rubocop/cop/internal_affairs/location_line_equality_comparison.rb
[2026-04-24T15:47:06Z] [iter=6] HEARTBEAT target_type=call_site elapsed_min=54.8 files_done=99 resolved=257 errors=1280 current=lib/rubocop/file_finder.rb
[2026-04-24T15:47:40Z] [iter=6] HEARTBEAT target_type=call_site elapsed_min=55.4 files_done=103 resolved=264 errors=1294 current=spec/support/file_helper.rb
[2026-04-24T15:48:41Z] [iter=6] HEARTBEAT target_type=call_site elapsed_min=56.4 files_done=108 resolved=284 errors=1319 current=lib/rubocop/cop/internal_affairs/example_heredoc_delimiter.rb
[2026-04-24T15:50:05Z] [iter=6] HEARTBEAT target_type=call_site elapsed_min=57.8 files_done=109 resolved=285 errors=1353 current=spec/rubocop/cop/lint/rand_one_spec.rb
[2026-04-24T15:50:40Z] [iter=6] HEARTBEAT target_type=call_site elapsed_min=58.4 files_done=112 resolved=291 errors=1367 current=lib/rubocop/config_obsoletion/changed_enforced_styles.rb
[2026-04-24T15:51:24Z] [iter=6] HEARTBEAT target_type=call_site elapsed_min=59.1 files_done=115 resolved=296 errors=1385 current=lib/rubocop/cop/style/even_odd.rb
[2026-04-24T15:52:29Z] [iter=6] HEARTBEAT target_type=call_site elapsed_min=60.2 files_done=117 resolved=302 errors=1412 current=lib/rubocop/server/client_command/status.rb
[2026-04-24T15:53:17Z] [iter=6] HEARTBEAT target_type=call_site elapsed_min=61.0 files_done=121 resolved=304 errors=1432 current=lib/rubocop/cop/style/redundant_regexp_constructor.rb
[2026-04-24T15:54:36Z] [iter=6] HEARTBEAT target_type=call_site elapsed_min=62.3 files_done=123 resolved=308 errors=1465 current=lib/rubocop/cop/style/lambda.rb
[2026-04-24T15:55:57Z] [iter=6] HEARTBEAT target_type=call_site elapsed_min=63.7 files_done=124 resolved=311 errors=1499 current=spec/support/alignment_examples.rb
[2026-04-24T15:56:31Z] [iter=6] HEARTBEAT target_type=call_site elapsed_min=64.2 files_done=125 resolved=315 errors=1513 current=lib/rubocop/server/client_command.rb
[2026-04-24T15:57:41Z] [iter=6] HEARTBEAT target_type=call_site elapsed_min=65.4 files_done=128 resolved=324 errors=1542 current=lib/rubocop/cop/style/redundant_constant_base.rb
[2026-04-24T15:58:19Z] [iter=6] HEARTBEAT target_type=call_site elapsed_min=66.0 files_done=129 resolved=325 errors=1558 current=spec/rubocop/cop/style/global_vars_spec.rb
[2026-04-24T15:58:53Z] [iter=6] HEARTBEAT target_type=call_site elapsed_min=66.6 files_done=131 resolved=326 errors=1572 current=spec/rubocop/cop/lint/empty_class_spec.rb
[2026-04-24T16:00:16Z] [iter=6] HEARTBEAT target_type=call_site elapsed_min=68.0 files_done=136 resolved=330 errors=1606 current=lib/rubocop/cop/lint/empty_in_pattern.rb
[2026-04-24T16:00:50Z] [iter=6] HEARTBEAT target_type=call_site elapsed_min=68.6 files_done=139 resolved=335 errors=1620 current=lib/rubocop/cop/lint/constant_overwritten_in_rescue.rb
[2026-04-24T16:02:36Z] [iter=6] HEARTBEAT target_type=call_site elapsed_min=70.3 files_done=141 resolved=344 errors=1664 current=spec/support/cops/alignment_directive.rb
[2026-04-24T16:03:07Z] [iter=6] HEARTBEAT target_type=call_site elapsed_min=70.8 files_done=143 resolved=345 errors=1677 current=lib/rubocop/name_similarity.rb
[2026-04-24T16:03:49Z] [iter=6] HEARTBEAT target_type=call_site elapsed_min=71.5 files_done=146 resolved=350 errors=1694 current=lib/rubocop/config_obsoletion/cop_rule.rb
[2026-04-24T16:04:33Z] [iter=6] HEARTBEAT target_type=call_site elapsed_min=72.3 files_done=151 resolved=355 errors=1712 current=spec/rubocop/cop/layout/space_after_comma_spec.rb
[2026-04-24T16:05:37Z] [iter=6] HEARTBEAT target_type=call_site elapsed_min=73.3 files_done=159 resolved=371 errors=1738 current=spec/rubocop/cop/lint/numbered_parameter_assignment_spec.rb
[2026-04-24T16:06:13Z] [iter=6] HEARTBEAT target_type=call_site elapsed_min=73.9 files_done=161 resolved=375 errors=1753 current=lib/rubocop/cop/layout/empty_lines_around_module_body.rb
[2026-04-24T16:06:47Z] [iter=6] HEARTBEAT target_type=call_site elapsed_min=74.5 files_done=163 resolved=379 errors=1767 current=lib/rubocop/cop/lint/inherit_exception.rb
[2026-04-24T16:07:44Z] [iter=6] HEARTBEAT target_type=call_site elapsed_min=75.5 files_done=164 resolved=384 errors=1791 current=spec/rubocop/cop/internal_affairs/numblock_handler_spec.rb
[2026-04-24T16:08:35Z] [iter=6] HEARTBEAT target_type=call_site elapsed_min=76.3 files_done=167 resolved=389 errors=1812 current=lib/rubocop/cop/naming/predicate_prefix.rb
[2026-04-24T16:09:56Z] [iter=6] HEARTBEAT target_type=call_site elapsed_min=77.7 files_done=168 resolved=395 errors=1846 current=spec/rubocop/cop/style/optional_boolean_parameter_spec.rb
[2026-04-24T16:10:33Z] [iter=6] HEARTBEAT target_type=call_site elapsed_min=78.3 files_done=170 resolved=400 errors=1861 current=spec/rubocop/cop/internal_affairs/redundant_location_argument_spec.rb
[2026-04-24T16:11:32Z] [iter=6] HEARTBEAT target_type=call_site elapsed_min=79.3 files_done=173 resolved=405 errors=1885 current=lib/rubocop/cop/internal_affairs/lambda_or_proc.rb
[2026-04-24T16:12:06Z] [iter=6] HEARTBEAT target_type=call_site elapsed_min=79.8 files_done=175 resolved=411 errors=1899 current=lib/rubocop/cop/mixin/allowed_receivers.rb
[2026-04-24T16:12:42Z] [iter=6] HEARTBEAT target_type=call_site elapsed_min=80.4 files_done=176 resolved=411 errors=1914 current=lib/rubocop/cop/internal_affairs/operator_keyword.rb
[2026-04-24T16:13:28Z] [iter=6] HEARTBEAT target_type=call_site elapsed_min=81.2 files_done=179 resolved=424 errors=1933 current=lib/rubocop/cop/layout/first_method_parameter_line_break.rb
[2026-04-24T16:14:12Z] [iter=6] HEARTBEAT target_type=call_site elapsed_min=81.9 files_done=181 resolved=426 errors=1951 current=lib/rubocop/cop/lint/ordered_magic_comments.rb
[2026-04-24T16:14:57Z] [iter=6] HEARTBEAT target_type=call_site elapsed_min=82.7 files_done=182 resolved=428 errors=1970 current=lib/rubocop/cop/style/empty_block_parameter.rb
[2026-04-24T16:15:50Z] [iter=6] HEARTBEAT target_type=call_site elapsed_min=83.6 files_done=184 resolved=434 errors=1992 current=lib/rubocop/cop/style/ascii_comments.rb
[2026-04-24T16:16:38Z] [iter=6] HEARTBEAT target_type=call_site elapsed_min=84.4 files_done=185 resolved=435 errors=2012 current=lib/rubocop/formatter/auto_gen_config_formatter.rb
[2026-04-24T16:17:48Z] [iter=6] HEARTBEAT target_type=call_site elapsed_min=85.5 files_done=187 resolved=438 errors=2041 current=lib/rubocop/yaml_duplication_checker.rb
[2026-04-24T16:18:32Z] [iter=6] HEARTBEAT target_type=call_site elapsed_min=86.3 files_done=191 resolved=441 errors=2059 current=lib/rubocop/cop/lint/empty_when.rb
[2026-04-24T16:19:40Z] [iter=6] HEARTBEAT target_type=call_site elapsed_min=87.4 files_done=197 resolved=449 errors=2087 current=lib/rubocop/cop/generator/configuration_injector.rb
[2026-04-24T16:20:43Z] [iter=6] HEARTBEAT target_type=call_site elapsed_min=88.4 files_done=199 resolved=459 errors=2113 current=spec/rubocop/cop/internal_affairs/processed_source_buffer_name_spec.rb
[2026-04-24T16:22:04Z] [iter=6] HEARTBEAT target_type=call_site elapsed_min=89.8 files_done=203 resolved=466 errors=2146 current=lib/rubocop/cop/lint/disjunctive_assignment_in_constructor.rb
[2026-04-24T16:22:54Z] [iter=6] HEARTBEAT target_type=call_site elapsed_min=90.6 files_done=204 resolved=467 errors=2167 current=spec/rubocop/cop/style/auto_resource_cleanup_spec.rb
[2026-04-24T16:24:14Z] [iter=6] HEARTBEAT target_type=call_site elapsed_min=91.9 files_done=208 resolved=476 errors=2199 current=lib/rubocop/server.rb
[2026-04-24T16:24:51Z] [iter=6] HEARTBEAT target_type=call_site elapsed_min=92.6 files_done=210 resolved=494 errors=2214 current=lib/rubocop/cop/naming/heredoc_delimiter_naming.rb
[2026-04-24T16:25:35Z] [iter=6] HEARTBEAT target_type=call_site elapsed_min=93.3 files_done=212 resolved=500 errors=2232 current=lib/rubocop/cop/correctors/require_library_corrector.rb
[2026-04-24T16:27:04Z] [iter=6] HEARTBEAT target_type=call_site elapsed_min=94.8 files_done=214 resolved=502 errors=2269 current=lib/rubocop/cop/style/hash_transform_keys.rb
[2026-04-24T16:27:38Z] [iter=6] HEARTBEAT target_type=call_site elapsed_min=95.4 files_done=217 resolved=512 errors=2283 current=spec/rubocop/cop/style/single_line_block_params_spec.rb
[2026-04-24T16:28:17Z] [iter=6] HEARTBEAT target_type=call_site elapsed_min=96.0 files_done=219 resolved=516 errors=2299 current=spec/rubocop/cop/security/eval_spec.rb
[2026-04-24T16:28:52Z] [iter=6] HEARTBEAT target_type=call_site elapsed_min=96.6 files_done=224 resolved=520 errors=2313 current=spec/rubocop/cop/style/unless_else_spec.rb
[2026-04-24T16:29:23Z] [iter=6] HEARTBEAT target_type=call_site elapsed_min=97.1 files_done=228 resolved=527 errors=2326 current=lib/rubocop/cop/style/stderr_puts.rb
[2026-04-24T16:29:57Z] [iter=6] HEARTBEAT target_type=call_site elapsed_min=97.7 files_done=229 resolved=532 errors=2340 current=lib/rubocop/cop/style/redundant_array_flatten.rb
[2026-04-24T16:31:15Z] [iter=6] HEARTBEAT target_type=call_site elapsed_min=99.0 files_done=233 resolved=537 errors=2372 current=lib/rubocop/cop/correctors/for_to_each_corrector.rb
[2026-04-24T16:32:12Z] [iter=6] HEARTBEAT target_type=call_site elapsed_min=99.9 files_done=234 resolved=540 errors=2396 current=spec/rubocop/cop/lint/regexp_as_condition_spec.rb
[2026-04-24T16:32:51Z] [iter=6] HEARTBEAT target_type=call_site elapsed_min=100.6 files_done=239 resolved=545 errors=2412 current=lib/rubocop/cop/style/file_empty.rb
[2026-04-24T16:33:30Z] [iter=6] HEARTBEAT target_type=call_site elapsed_min=101.2 files_done=240 resolved=550 errors=2428 current=lib/rubocop/cop/naming/method_parameter_name.rb
[2026-04-24T16:34:04Z] [iter=6] HEARTBEAT target_type=call_site elapsed_min=101.8 files_done=242 resolved=564 errors=2442 current=spec/rubocop/cop/internal_affairs/redundant_described_class_as_subject_spec.rb
[2026-04-24T16:35:40Z] [iter=6] HEARTBEAT target_type=call_site elapsed_min=103.4 files_done=246 resolved=568 errors=2482 current=spec/rubocop/cop/lint/trailing_comma_in_attribute_declaration_spec.rb
[2026-04-24T16:36:16Z] [iter=6] HEARTBEAT target_type=call_site elapsed_min=104.0 files_done=249 resolved=569 errors=2497 current=lib/rubocop/cop/lint/no_return_in_begin_end_blocks.rb
[2026-04-24T16:37:04Z] [iter=6] HEARTBEAT target_type=call_site elapsed_min=104.8 files_done=252 resolved=576 errors=2517 current=lib/rubocop/cop/style/while_until_modifier.rb
[2026-04-24T16:38:23Z] [iter=6] HEARTBEAT target_type=call_site elapsed_min=106.1 files_done=255 resolved=593 errors=2549 current=lib/rubocop/cop/style/trailing_method_end_statement.rb
[2026-04-24T16:39:13Z] [iter=6] HEARTBEAT target_type=call_site elapsed_min=106.9 files_done=256 resolved=594 errors=2570 current=spec/rubocop/cop/lint/interpolation_check_spec.rb
[2026-04-24T16:39:59Z] [iter=6] HEARTBEAT target_type=call_site elapsed_min=107.7 files_done=259 resolved=597 errors=2589 current=lib/rubocop/cop/lint/triple_quotes.rb
[2026-04-24T16:40:35Z] [iter=6] HEARTBEAT target_type=call_site elapsed_min=108.3 files_done=260 resolved=598 errors=2604 current=lib/rubocop/cop/mixin/min_body_length.rb
[2026-04-24T16:41:17Z] [iter=6] HEARTBEAT target_type=call_site elapsed_min=109.0 files_done=264 resolved=599 errors=2621 current=lib/rubocop/cop/gemspec/deprecated_attribute_assignment.rb
[2026-04-24T16:41:58Z] [iter=6] HEARTBEAT target_type=call_site elapsed_min=109.7 files_done=265 resolved=604 errors=2638 current=lib/rubocop/cop/internal_affairs/method_name_equal.rb
[2026-04-24T16:42:42Z] [iter=6] HEARTBEAT target_type=call_site elapsed_min=110.4 files_done=267 resolved=614 errors=2656 current=spec/rubocop/cop/style/empty_lambda_parameter_spec.rb
[2026-04-24T16:43:57Z] [iter=6] HEARTBEAT target_type=call_site elapsed_min=111.7 files_done=269 resolved=616 errors=2687 current=lib/rubocop/cop/lint/or_assignment_to_constant.rb
[2026-04-24T16:44:43Z] [iter=6] HEARTBEAT target_type=call_site elapsed_min=112.4 files_done=271 resolved=619 errors=2706 current=lib/rubocop/cop/metrics/utils/iterating_block.rb
[2026-04-24T16:45:15Z] [iter=6] HEARTBEAT target_type=call_site elapsed_min=113.0 files_done=274 resolved=628 errors=2719 current=lib/rubocop/cop/style/class_check.rb
[2026-04-24T16:46:30Z] [iter=6] HEARTBEAT target_type=call_site elapsed_min=114.2 files_done=276 resolved=632 errors=2750 current=lib/rubocop/cop/style/env_home.rb
[2026-04-24T16:47:12Z] [iter=6] HEARTBEAT target_type=call_site elapsed_min=114.9 files_done=281 resolved=640 errors=2767 current=lib/rubocop/cop/style/trailing_body_on_method_definition.rb
[2026-04-24T16:48:40Z] [iter=6] HEARTBEAT target_type=call_site elapsed_min=116.4 files_done=284 resolved=648 errors=2803 current=spec/rubocop/formatter/file_list_formatter_spec.rb
[2026-04-24T16:49:54Z] [iter=6] HEARTBEAT target_type=call_site elapsed_min=117.6 files_done=292 resolved=656 errors=2833 current=lib/rubocop/cop/layout/multiline_hash_key_line_breaks.rb
[2026-04-24T16:51:19Z] [iter=6] HEARTBEAT target_type=call_site elapsed_min=119.0 files_done=295 resolved=662 errors=2868 current=lib/rubocop/cop/lint/rescue_exception.rb
[2026-04-24T16:52:00Z] [iter=6] HEARTBEAT target_type=call_site elapsed_min=119.7 files_done=297 resolved=668 errors=2885 current=spec/rubocop/cop/internal_affairs/node_type_predicate_spec.rb
[2026-04-24T16:52:34Z] [iter=6] HEARTBEAT target_type=call_site elapsed_min=120.3 files_done=301 resolved=672 errors=2899 current=lib/rubocop/cop/internal_affairs/useless_restrict_on_send.rb
[2026-04-24T16:53:16Z] [iter=6] HEARTBEAT target_type=call_site elapsed_min=121.0 files_done=304 resolved=678 errors=2916 current=lib/rubocop/cop/style/class_vars.rb
[2026-04-24T16:53:50Z] [iter=6] HEARTBEAT target_type=call_site elapsed_min=121.5 files_done=306 resolved=685 errors=2930 current=lib/rubocop/cop/layout/space_inside_array_percent_literal.rb
[2026-04-24T16:54:21Z] [iter=6] HEARTBEAT target_type=call_site elapsed_min=122.1 files_done=309 resolved=689 errors=2943 current=spec/support/cops/module_must_be_a_class_cop.rb
[2026-04-24T16:54:55Z] [iter=6] HEARTBEAT target_type=call_site elapsed_min=122.6 files_done=318 resolved=702 errors=2956 current=lib/rubocop/cop/mixin/on_normal_if_unless.rb
[2026-04-24T16:55:25Z] [iter=6] HEARTBEAT target_type=call_site elapsed_min=123.1 files_done=321 resolved=706 errors=2968 current=spec/rubocop/cop/style/file_touch_spec.rb
[2026-04-24T16:56:00Z] [iter=6] HEARTBEAT target_type=call_site elapsed_min=123.7 files_done=328 resolved=712 errors=2982 current=lib/rubocop/cop/layout/space_inside_range_literal.rb
[2026-04-24T16:56:34Z] [iter=6] HEARTBEAT target_type=call_site elapsed_min=124.3 files_done=330 resolved=716 errors=2996 current=spec/rubocop/cop/lint/or_assignment_to_constant_spec.rb
[2026-04-24T16:57:21Z] [iter=6] HEARTBEAT target_type=call_site elapsed_min=125.1 files_done=335 resolved=727 errors=3015 current=lib/rubocop/cop/style/for.rb
[2026-04-24T16:58:05Z] [iter=6] HEARTBEAT target_type=call_site elapsed_min=125.8 files_done=337 resolved=729 errors=3033 current=spec/rubocop/cop/layout/condition_position_spec.rb
[2026-04-24T16:58:42Z] [iter=6] HEARTBEAT target_type=call_site elapsed_min=126.4 files_done=343 resolved=730 errors=3048 current=lib/rubocop/cop/security/marshal_load.rb
[2026-04-24T16:59:26Z] [iter=6] HEARTBEAT target_type=call_site elapsed_min=127.1 files_done=347 resolved=735 errors=3066 current=lib/rubocop/cop/lint/float_out_of_range.rb
[2026-04-24T17:00:02Z] [iter=6] HEARTBEAT target_type=call_site elapsed_min=127.8 files_done=351 resolved=741 errors=3081 current=lib/rubocop/cop/internal_affairs/numblock_handler.rb
[2026-04-24T17:00:45Z] [iter=6] HEARTBEAT target_type=call_site elapsed_min=128.5 files_done=357 resolved=758 errors=3098 current=lib/rubocop/cop/mixin/integer_node.rb
[2026-04-24T17:01:18Z] [iter=6] HEARTBEAT target_type=call_site elapsed_min=129.0 files_done=359 resolved=761 errors=3112 current=lib/rubocop/cop/layout/multiline_array_line_breaks.rb
[2026-04-24T17:02:07Z] [iter=6] HEARTBEAT target_type=call_site elapsed_min=129.8 files_done=364 resolved=766 errors=3132 current=spec/core_ext/string.rb
[2026-04-24T17:02:41Z] [iter=6] HEARTBEAT target_type=call_site elapsed_min=130.4 files_done=367 resolved=771 errors=3146 current=lib/rubocop/cop/mixin/parentheses.rb
[2026-04-24T17:03:13Z] [iter=6] HEARTBEAT target_type=call_site elapsed_min=130.9 files_done=370 resolved=773 errors=3159 current=lib/rubocop/platform.rb
[2026-04-24T17:03:55Z] [iter=6] HEARTBEAT target_type=call_site elapsed_min=131.6 files_done=376 resolved=775 errors=3176 current=lib/rubocop/cop/style/negated_while.rb
[2026-04-24T17:04:33Z] [iter=6] HEARTBEAT target_type=call_site elapsed_min=132.3 files_done=384 resolved=785 errors=3191 current=lib/rubocop/cop/layout/multiline_array_brace_layout.rb
[2026-04-24T17:04:58Z] [iter=6] Target type resolved target_type=call_site resolved=801 errors=3200 secs=7765 mem_mb=1877 MB
[2026-04-24T17:09:41Z] [iter=6] Step 5: Writing final enrichment file triples=394768
[2026-04-24T17:09:50Z] [iter=6] Enrichment file written path=/home/runner/work/forx/forx/storage/aggregate/lsp/2c1b30a47d357599f36ae69c41a63966e68d7592.nq.gz size_kb=9994
[2026-04-24T17:09:50Z] [iter=6] Checkpoint cleared (enrichment complete)
[2026-04-24T17:09:50Z] [iter=6] PHASE END: enrich elapsed_s=8252 elapsed_min=137.5 total_triples=394768
