[2026-04-24T06:23:43Z] === ENRICH ITERATION 4 START | repo=rubocop/rubocop sha=2c1b30a4 ===
[2026-04-24T06:23:43Z] [iter=4] PHASE START: enrich repo=rubocop/rubocop sha=2c1b30a4 runlog=/home/runner/work/forx/forx/storage/aggregate/lsp/logs/2c1b30a4-enrich-iter-004.log output=/home/runner/work/forx/forx/storage/aggregate/lsp/2c1b30a47d357599f36ae69c41a63966e68d7592.nq.gz
[2026-04-24T06:23:52Z] [iter=4] Step 1: Loading AST into disk-backed store mem_mb=78 MB
[2026-04-24T06:24:51Z] [iter=4] AST store loaded triples=5950511 load_secs=57 mem_mb=963 MB
[2026-04-24T06:24:51Z] [iter=4] Step 2: Finding LSP targets mem_mb=963 MB
[2026-04-24T06:25:30Z] [iter=4] LSP targets found call_sites=110373 imports=0 extends=0 implements=0 secs=39
[2026-04-24T06:25:39Z] [iter=4] Loaded checkpoint partial graph triples=180827
[2026-04-24T06:26:11Z] [iter=4] Step 2.7: Building position index (one-shot, shared across resolvers) mem_mb=1038 MB
[2026-04-24T06:26:50Z] [iter=4] Position index built positions=360605 nodes_with_types=478814 secs=39 mem_mb=1706 MB
[2026-04-24T06:26:50Z] [iter=4] Step 3: Starting LSP resolution mem_mb=1706 MB already_completed_types=[] already_completed_files=701
[2026-04-24T06:26:50Z] [iter=4] Resolving target type target_type=call_site count=110373
[2026-04-24T06:26:52Z] [iter=4] HEARTBEAT target_type=call_site elapsed_min=3.2 files_done=0 resolved=0 errors=0 current=lib/rubocop/options.rb
[2026-04-24T06:35:06Z] [iter=4] HEARTBEAT target_type=call_site elapsed_min=11.4 files_done=1 resolved=24 errors=200 current=spec/rubocop/cop/layout/space_inside_array_percent_literal_spec.rb
[2026-04-24T06:38:51Z] [iter=4] HEARTBEAT target_type=call_site elapsed_min=15.1 files_done=3 resolved=32 errors=294 current=lib/rubocop/cop/style/trailing_underscore_variable.rb
[2026-04-24T06:41:19Z] [iter=4] HEARTBEAT target_type=call_site elapsed_min=17.6 files_done=4 resolved=37 errors=355 current=Rakefile
[2026-04-24T06:42:36Z] [iter=4] HEARTBEAT target_type=call_site elapsed_min=18.9 files_done=5 resolved=71 errors=385 current=lib/rubocop/cop/layout/empty_lines_around_exception_handling_keywords.rb
[2026-04-24T06:44:31Z] [iter=4] HEARTBEAT target_type=call_site elapsed_min=20.8 files_done=6 resolved=74 errors=432 current=lib/rubocop/cop/style/module_function.rb
[2026-04-24T06:45:07Z] [iter=4] HEARTBEAT target_type=call_site elapsed_min=21.4 files_done=7 resolved=85 errors=447 current=spec/rubocop/cop/style/it_assignment_spec.rb
[2026-04-24T06:45:43Z] [iter=4] HEARTBEAT target_type=call_site elapsed_min=22.0 files_done=10 resolved=85 errors=462 current=spec/rubocop/cop/lint/useless_ruby2_keywords_spec.rb
[2026-04-24T06:47:03Z] [iter=4] HEARTBEAT target_type=call_site elapsed_min=23.3 files_done=13 resolved=88 errors=495 current=lib/rubocop/cop/bundler/gem_comment.rb
[2026-04-24T06:48:58Z] [iter=4] HEARTBEAT target_type=call_site elapsed_min=25.3 files_done=14 resolved=94 errors=543 current=lib/rubocop/cop/lint/ambiguous_operator.rb
[2026-04-24T06:50:12Z] [iter=4] HEARTBEAT target_type=call_site elapsed_min=26.5 files_done=15 resolved=96 errors=574 current=lib/rubocop/cop/layout/multiline_method_definition_brace_layout.rb
[2026-04-24T06:52:38Z] [iter=4] HEARTBEAT target_type=call_site elapsed_min=28.9 files_done=17 resolved=100 errors=635 current=spec/rubocop/cop/annotation_comment_spec.rb
[2026-04-24T06:54:44Z] [iter=4] HEARTBEAT target_type=call_site elapsed_min=31.0 files_done=19 resolved=106 errors=687 current=lib/rubocop/cop/metrics/collection_literal_length.rb
[2026-04-24T06:55:14Z] [iter=4] HEARTBEAT target_type=call_site elapsed_min=31.5 files_done=23 resolved=108 errors=699 current=spec/rubocop/cop/style/constant_visibility_spec.rb
[2026-04-24T06:55:58Z] [iter=4] HEARTBEAT target_type=call_site elapsed_min=32.3 files_done=26 resolved=111 errors=717 current=lib/rubocop/cop/style/redundant_initialize.rb
[2026-04-24T06:57:03Z] [iter=4] HEARTBEAT target_type=call_site elapsed_min=33.3 files_done=27 resolved=116 errors=744 current=lib/rubocop/cop/layout/access_modifier_indentation.rb
[2026-04-24T06:57:48Z] [iter=4] HEARTBEAT target_type=call_site elapsed_min=34.1 files_done=28 resolved=121 errors=763 current=spec/rubocop/cop/lint/shared_mutable_default_spec.rb
[2026-04-24T06:59:00Z] [iter=4] HEARTBEAT target_type=call_site elapsed_min=35.3 files_done=30 resolved=122 errors=793 current=lib/rubocop/cop/lint/constant_reassignment.rb
[2026-04-24T07:01:28Z] [iter=4] HEARTBEAT target_type=call_site elapsed_min=37.8 files_done=31 resolved=125 errors=855 current=spec/rubocop/cop/style/redundant_conditional_spec.rb
[2026-04-24T07:02:49Z] [iter=4] HEARTBEAT target_type=call_site elapsed_min=39.1 files_done=34 resolved=139 errors=888 current=spec/rubocop/cop/naming/block_forwarding_spec.rb
[2026-04-24T07:04:23Z] [iter=4] HEARTBEAT target_type=call_site elapsed_min=40.7 files_done=38 resolved=139 errors=927 current=spec/rubocop/cop/style/format_string_token_spec.rb
[2026-04-24T07:05:43Z] [iter=4] HEARTBEAT target_type=call_site elapsed_min=42.0 files_done=41 resolved=146 errors=959 current=lib/rubocop/cop/style/combinable_loops.rb
[2026-04-24T07:08:16Z] [iter=4] HEARTBEAT target_type=call_site elapsed_min=44.5 files_done=42 resolved=147 errors=1023 current=spec/rubocop/cop/gemspec/ruby_version_globals_usage_spec.rb
[2026-04-24T07:12:29Z] [iter=4] HEARTBEAT target_type=call_site elapsed_min=48.8 files_done=45 resolved=153 errors=1129 current=lib/rubocop/cop/layout/case_indentation.rb
[2026-04-24T07:15:02Z] [iter=4] HEARTBEAT target_type=call_site elapsed_min=51.3 files_done=46 resolved=158 errors=1193 current=lib/rubocop/cop/style/command_literal.rb
[2026-04-24T07:16:40Z] [iter=4] HEARTBEAT target_type=call_site elapsed_min=53.0 files_done=47 resolved=160 errors=1234 current=lib/rubocop/cop/style/signal_exception.rb
[2026-04-24T07:18:07Z] [iter=4] HEARTBEAT target_type=call_site elapsed_min=54.4 files_done=48 resolved=167 errors=1270 current=spec/rubocop/formatter/json_formatter_spec.rb
[2026-04-24T07:19:23Z] [iter=4] HEARTBEAT target_type=call_site elapsed_min=55.7 files_done=51 resolved=174 errors=1301 current=lib/rubocop/cop/style/method_call_with_args_parentheses/require_parentheses.rb
[2026-04-24T07:20:09Z] [iter=4] HEARTBEAT target_type=call_site elapsed_min=56.4 files_done=52 resolved=176 errors=1320 current=lib/rubocop/cop/layout/indentation_style.rb
[2026-04-24T07:21:31Z] [iter=4] HEARTBEAT target_type=call_site elapsed_min=57.8 files_done=53 resolved=182 errors=1354 current=spec/rubocop/cop/lint/shadowed_exception_spec.rb
[2026-04-24T07:22:11Z] [iter=4] HEARTBEAT target_type=call_site elapsed_min=58.5 files_done=60 resolved=185 errors=1370 current=spec/rubocop/cop/style/unless_logical_operators_spec.rb
[2026-04-24T07:23:30Z] [iter=4] HEARTBEAT target_type=call_site elapsed_min=59.8 files_done=62 resolved=196 errors=1403 current=lib/rubocop/cop/style/single_line_methods.rb
[2026-04-24T07:26:01Z] [iter=4] HEARTBEAT target_type=call_site elapsed_min=62.3 files_done=63 resolved=198 errors=1466 current=lib/rubocop/cop/style/ip_addresses.rb
[2026-04-24T07:26:38Z] [iter=4] HEARTBEAT target_type=call_site elapsed_min=62.9 files_done=65 resolved=204 errors=1481 current=lib/rubocop/cop/style/array_intersect_with_single_element.rb
[2026-04-24T07:27:11Z] [iter=4] HEARTBEAT target_type=call_site elapsed_min=63.5 files_done=66 resolved=207 errors=1495 current=lib/rubocop/cop/style/nested_modifier.rb
[2026-04-24T07:29:25Z] [iter=4] HEARTBEAT target_type=call_site elapsed_min=65.7 files_done=67 resolved=209 errors=1551 current=lib/rubocop/cop/style/redundant_format.rb
[2026-04-24T07:33:19Z] [iter=4] HEARTBEAT target_type=call_site elapsed_min=69.6 files_done=68 resolved=229 errors=1649 current=spec/rubocop/cop/style/hash_like_case_spec.rb
[2026-04-24T07:35:05Z] [iter=4] HEARTBEAT target_type=call_site elapsed_min=71.4 files_done=70 resolved=243 errors=1693 current=spec/rubocop/cop/style/document_dynamic_eval_definition_spec.rb
[2026-04-24T07:37:02Z] [iter=4] HEARTBEAT target_type=call_site elapsed_min=73.3 files_done=72 resolved=256 errors=1742 current=spec/rubocop/cache_config_spec.rb
[2026-04-24T07:37:42Z] [iter=4] HEARTBEAT target_type=call_site elapsed_min=74.0 files_done=75 resolved=268 errors=1758 current=spec/rubocop/cop/lint/useless_rescue_spec.rb
[2026-04-24T07:38:32Z] [iter=4] HEARTBEAT target_type=call_site elapsed_min=74.8 files_done=77 resolved=270 errors=1779 current=lib/rubocop/cop/lint/unreachable_code.rb
[2026-04-24T07:39:56Z] [iter=4] HEARTBEAT target_type=call_site elapsed_min=76.2 files_done=78 resolved=272 errors=1814 current=spec/rubocop/cop/style/method_call_without_args_parentheses_spec.rb
[2026-04-24T07:42:36Z] [iter=4] HEARTBEAT target_type=call_site elapsed_min=78.9 files_done=80 resolved=277 errors=1881 current=lib/rubocop/cop/layout/closing_parenthesis_indentation.rb
[2026-04-24T07:45:18Z] [iter=4] HEARTBEAT target_type=call_site elapsed_min=81.6 files_done=81 resolved=280 errors=1949 current=spec/rubocop/cop/layout/multiline_assignment_layout_spec.rb
[2026-04-24T07:47:26Z] [iter=4] HEARTBEAT target_type=call_site elapsed_min=83.7 files_done=85 resolved=283 errors=2002 current=lib/rubocop/cop/style/method_def_parentheses.rb
[2026-04-24T07:48:50Z] [iter=4] HEARTBEAT target_type=call_site elapsed_min=85.1 files_done=86 resolved=286 errors=2037 current=spec/rubocop/cop/style/select_by_range_spec.rb
[2026-04-24T07:49:46Z] [iter=4] HEARTBEAT target_type=call_site elapsed_min=86.1 files_done=87 resolved=286 errors=2060 current=spec/rubocop/cop/lint/symbol_conversion_spec.rb
[2026-04-24T07:50:43Z] [iter=4] HEARTBEAT target_type=call_site elapsed_min=87.0 files_done=91 resolved=287 errors=2083 current=spec/rubocop/cop/style/string_hash_keys_spec.rb
[2026-04-24T07:51:29Z] [iter=4] HEARTBEAT target_type=call_site elapsed_min=87.8 files_done=93 resolved=296 errors=2102 current=lib/rubocop/cop/style/combinable_defined.rb
[2026-04-24T07:53:19Z] [iter=4] HEARTBEAT target_type=call_site elapsed_min=89.6 files_done=94 resolved=298 errors=2148 current=lib/rubocop/cop/lint/deprecated_constants.rb
[2026-04-24T07:54:03Z] [iter=4] HEARTBEAT target_type=call_site elapsed_min=90.3 files_done=95 resolved=301 errors=2166 current=lib/rubocop/cop/style/each_with_object.rb
[2026-04-24T07:56:05Z] [iter=4] HEARTBEAT target_type=call_site elapsed_min=92.4 files_done=96 resolved=309 errors=2217 current=spec/rubocop/cop/style/mixin_usage_spec.rb
[2026-04-24T07:56:56Z] [iter=4] HEARTBEAT target_type=call_site elapsed_min=93.2 files_done=99 resolved=311 errors=2238 current=lib/rubocop/formatter/clang_style_formatter.rb
[2026-04-24T07:57:51Z] [iter=4] HEARTBEAT target_type=call_site elapsed_min=94.1 files_done=100 resolved=317 errors=2261 current=lib/rubocop/cop/style/colon_method_definition.rb
[2026-04-24T07:59:15Z] [iter=4] HEARTBEAT target_type=call_site elapsed_min=95.5 files_done=102 resolved=324 errors=2296 current=lib/rubocop/cop/style/rescue_standard_error.rb
[2026-04-24T08:00:05Z] [iter=4] HEARTBEAT target_type=call_site elapsed_min=96.4 files_done=103 resolved=333 errors=2317 current=spec/rubocop/cop/layout/empty_lines_around_class_body_spec.rb
[2026-04-24T08:01:49Z] [iter=4] HEARTBEAT target_type=call_site elapsed_min=98.1 files_done=108 resolved=337 errors=2360 current=spec/support/cops/a_to_b_cop.rb
[2026-04-24T08:02:25Z] [iter=4] HEARTBEAT target_type=call_site elapsed_min=98.7 files_done=109 resolved=338 errors=2375 current=spec/rubocop/cop/bundler/gem_filename_spec.rb
[2026-04-24T08:05:31Z] [iter=4] HEARTBEAT target_type=call_site elapsed_min=101.8 files_done=113 resolved=346 errors=2452 current=lib/rubocop/cop/mixin/surrounding_space.rb
[2026-04-24T08:06:59Z] [iter=4] HEARTBEAT target_type=call_site elapsed_min=103.3 files_done=114 resolved=352 errors=2489 current=spec/rubocop/cop/style/redundant_double_splat_hash_braces_spec.rb
[2026-04-24T08:07:34Z] [iter=4] HEARTBEAT target_type=call_site elapsed_min=103.9 files_done=118 resolved=357 errors=2502 current=spec/rubocop/cop/style/multiline_if_modifier_spec.rb
[2026-04-24T08:08:27Z] [iter=4] HEARTBEAT target_type=call_site elapsed_min=104.7 files_done=120 resolved=358 errors=2524 current=lib/rubocop/cop/style/special_global_vars.rb
[2026-04-24T08:11:19Z] [iter=4] HEARTBEAT target_type=call_site elapsed_min=107.6 files_done=121 resolved=369 errors=2596 current=lib/rubocop/cop/lint/literal_assignment_in_condition.rb
[2026-04-24T08:12:36Z] [iter=4] HEARTBEAT target_type=call_site elapsed_min=108.9 files_done=122 resolved=370 errors=2628 current=lib/rubocop/cop/style/collection_methods.rb
[2026-04-24T08:13:43Z] [iter=4] HEARTBEAT target_type=call_site elapsed_min=110.0 files_done=123 resolved=374 errors=2656 current=spec/rubocop/cop/style/safe_navigation_chain_length_spec.rb
[2026-04-24T08:14:43Z] [iter=4] HEARTBEAT target_type=call_site elapsed_min=111.0 files_done=126 resolved=379 errors=2681 current=spec/rubocop/cop/lint/empty_block_spec.rb
[2026-04-24T08:19:06Z] [iter=4] HEARTBEAT target_type=call_site elapsed_min=115.4 files_done=128 resolved=383 errors=2791 current=lib/rubocop/cop/style/empty_heredoc.rb
[2026-04-24T08:22:20Z] [iter=4] HEARTBEAT target_type=call_site elapsed_min=118.6 files_done=130 resolved=390 errors=2872 current=lib/rubocop/cop/style/dir.rb
[2026-04-24T08:27:49Z] [iter=4] HEARTBEAT target_type=call_site elapsed_min=124.1 files_done=132 resolved=399 errors=3010 current=lib/rubocop/cop/style/redundant_assignment.rb
[2026-04-24T08:29:27Z] [iter=4] HEARTBEAT target_type=call_site elapsed_min=125.7 files_done=133 resolved=402 errors=3051 current=lib/rubocop/cop/style/method_called_on_do_end_block.rb
[2026-04-24T08:29:58Z] [iter=4] HEARTBEAT target_type=call_site elapsed_min=126.3 files_done=134 resolved=403 errors=3064 current=spec/rubocop/cop/layout/multiline_method_parameter_line_breaks_spec.rb
[2026-04-24T08:31:28Z] [iter=4] HEARTBEAT target_type=call_site elapsed_min=127.8 files_done=137 resolved=411 errors=3101 current=lib/rubocop/cop/ignored_node.rb
[2026-04-24T08:32:04Z] [iter=4] HEARTBEAT target_type=call_site elapsed_min=128.4 files_done=138 resolved=411 errors=3116 current=lib/rubocop/cop/lint/safe_navigation_consistency.rb
[2026-04-24T08:34:28Z] [iter=4] HEARTBEAT target_type=call_site elapsed_min=130.7 files_done=139 resolved=413 errors=3176 current=spec/rubocop/cop/internal_affairs/redundant_message_argument_spec.rb
[2026-04-24T08:36:22Z] [iter=4] HEARTBEAT target_type=call_site elapsed_min=132.7 files_done=142 resolved=417 errors=3224 current=lib/rubocop/cop/style/min_max_comparison.rb
[2026-04-24T08:37:17Z] [iter=4] HEARTBEAT target_type=call_site elapsed_min=133.6 files_done=143 resolved=424 errors=3247 current=lib/rubocop/cop/style/keyword_arguments_merging.rb
[2026-04-24T08:37:49Z] [iter=4] HEARTBEAT target_type=call_site elapsed_min=134.1 files_done=144 resolved=427 errors=3260 current=lib/rubocop/cop/lint/mixed_case_range.rb
[2026-04-24T08:40:02Z] [iter=4] HEARTBEAT target_type=call_site elapsed_min=136.3 files_done=145 resolved=429 errors=3316 current=spec/rubocop/cop/naming/predicate_prefix_spec.rb
[2026-04-24T08:44:08Z] [iter=4] HEARTBEAT target_type=call_site elapsed_min=140.4 files_done=148 resolved=455 errors=3419 current=spec/rubocop/cop/lint/safe_navigation_with_empty_spec.rb
[2026-04-24T08:45:28Z] [iter=4] HEARTBEAT target_type=call_site elapsed_min=141.8 files_done=151 resolved=456 errors=3452 current=spec/rubocop/cop/layout/space_after_colon_spec.rb
[2026-04-24T08:46:47Z] [iter=4] HEARTBEAT target_type=call_site elapsed_min=143.1 files_done=158 resolved=478 errors=3484 current=spec/rubocop/cop/lint/empty_when_spec.rb
[2026-04-24T08:48:23Z] [iter=4] HEARTBEAT target_type=call_site elapsed_min=144.7 files_done=161 resolved=501 errors=3524 current=lib/rubocop/cop/gemspec/require_mfa.rb
[2026-04-24T08:49:18Z] [iter=4] HEARTBEAT target_type=call_site elapsed_min=145.6 files_done=162 resolved=515 errors=3547 current=lib/rubocop/cop/style/negated_if_else_condition.rb
[2026-04-24T08:51:54Z] [iter=4] HEARTBEAT target_type=call_site elapsed_min=148.2 files_done=163 resolved=522 errors=3612 current=spec/rubocop/cop/gemspec/attribute_assignment_spec.rb
[2026-04-24T08:54:53Z] [iter=4] HEARTBEAT target_type=call_site elapsed_min=151.2 files_done=165 resolved=524 errors=3687 current=lib/rubocop/cop/style/map_compact_with_conditional_block.rb
[2026-04-24T08:57:28Z] [iter=4] HEARTBEAT target_type=call_site elapsed_min=153.8 files_done=166 resolved=529 errors=3752 current=spec/rubocop/ext/regexp_node_spec.rb
[2026-04-24T08:58:04Z] [iter=4] HEARTBEAT target_type=call_site elapsed_min=154.4 files_done=167 resolved=530 errors=3767 current=spec/rubocop/cop/style/nested_file_dirname_spec.rb
[2026-04-24T09:00:10Z] [iter=4] HEARTBEAT target_type=call_site elapsed_min=156.5 files_done=171 resolved=532 errors=3819 current=spec/rubocop/cop/gemspec/require_mfa_spec.rb
[2026-04-24T09:02:00Z] [iter=4] HEARTBEAT target_type=call_site elapsed_min=158.3 files_done=173 resolved=534 errors=3865 current=spec/rubocop/cop/style/each_with_object_spec.rb
[2026-04-24T09:04:24Z] [iter=4] HEARTBEAT target_type=call_site elapsed_min=160.7 files_done=176 resolved=537 errors=3925 current=lib/rubocop/cop/lint/empty_file.rb
[2026-04-24T09:06:15Z] [iter=4] HEARTBEAT target_type=call_site elapsed_min=162.5 files_done=178 resolved=577 errors=3971 current=spec/rubocop/cop/style/quoted_symbols_spec.rb
[2026-04-24T09:07:25Z] [iter=4] HEARTBEAT target_type=call_site elapsed_min=163.7 files_done=180 resolved=586 errors=4000 current=lib/rubocop/cop/style/lambda_call.rb
[2026-04-24T09:08:20Z] [iter=4] HEARTBEAT target_type=call_site elapsed_min=164.6 files_done=181 resolved=589 errors=4023 current=lib/rubocop/cli/command/show_cops.rb
[2026-04-24T09:09:43Z] [iter=4] HEARTBEAT target_type=call_site elapsed_min=166.0 files_done=182 resolved=597 errors=4058 current=lib/rubocop/cop/metrics/module_length.rb
[2026-04-24T09:11:54Z] [iter=4] HEARTBEAT target_type=call_site elapsed_min=168.2 files_done=186 resolved=612 errors=4112 current=spec/rubocop/cop/lint/ordered_magic_comments_spec.rb
[2026-04-24T09:12:40Z] [iter=4] HEARTBEAT target_type=call_site elapsed_min=168.9 files_done=188 resolved=615 errors=4131 current=lib/rubocop/cop/style/string_chars.rb
[2026-04-24T09:13:13Z] [iter=4] HEARTBEAT target_type=call_site elapsed_min=169.5 files_done=189 resolved=618 errors=4145 current=spec/rubocop/cop/style/collection_querying_spec.rb
[2026-04-24T09:14:14Z] [iter=4] HEARTBEAT target_type=call_site elapsed_min=170.5 files_done=191 resolved=618 errors=4170 current=spec/rubocop/cop/style/trailing_underscore_variable_spec.rb
[2026-04-24T09:15:36Z] [iter=4] HEARTBEAT target_type=call_site elapsed_min=171.9 files_done=193 resolved=620 errors=4204 current=lib/rubocop/cop/security/yaml_load.rb
[2026-04-24T09:17:01Z] [iter=4] HEARTBEAT target_type=call_site elapsed_min=173.3 files_done=195 resolved=625 errors=4239 current=lib/rubocop/cop/layout/else_alignment.rb
[2026-04-24T09:20:12Z] [iter=4] HEARTBEAT target_type=call_site elapsed_min=176.5 files_done=196 resolved=630 errors=4319 current=spec/rubocop/cop/lint/useless_times_spec.rb
[2026-04-24T09:21:10Z] [iter=4] HEARTBEAT target_type=call_site elapsed_min=177.5 files_done=200 resolved=638 errors=4343 current=spec/rubocop/cop/style/missing_respond_to_missing_spec.rb
[2026-04-24T09:23:34Z] [iter=4] HEARTBEAT target_type=call_site elapsed_min=179.9 files_done=203 resolved=640 errors=4403 current=lib/rubocop/cop/style/bitwise_predicate.rb
[2026-04-24T09:24:12Z] [iter=4] HEARTBEAT target_type=call_site elapsed_min=180.5 files_done=204 resolved=650 errors=4419 current=lib/rubocop/cop/gemspec/duplicated_assignment.rb
[2026-04-24T09:25:27Z] [iter=4] HEARTBEAT target_type=call_site elapsed_min=181.7 files_done=205 resolved=662 errors=4450 current=lib/rubocop/cop/layout/space_inside_string_interpolation.rb
[2026-04-24T09:27:20Z] [iter=4] HEARTBEAT target_type=call_site elapsed_min=183.6 files_done=208 resolved=670 errors=4497 current=spec/isolated_environment_spec.rb
[2026-04-24T09:30:24Z] [iter=4] HEARTBEAT target_type=call_site elapsed_min=186.7 files_done=210 resolved=680 errors=4574 current=lib/rubocop/cop/correctors/multiline_literal_brace_corrector.rb
[2026-04-24T09:33:13Z] [iter=4] HEARTBEAT target_type=call_site elapsed_min=189.5 files_done=211 resolved=683 errors=4645 current=spec/rubocop/cop/layout/multiline_array_brace_layout_spec.rb
[2026-04-24T09:33:43Z] [iter=4] HEARTBEAT target_type=call_site elapsed_min=190.0 files_done=215 resolved=689 errors=4657 current=lib/rubocop/formatter/formatter_set.rb
[2026-04-24T09:34:55Z] [iter=4] HEARTBEAT target_type=call_site elapsed_min=191.2 files_done=216 resolved=701 errors=4687 current=lib/rubocop/cop/style/and_or.rb
[2026-04-24T09:37:42Z] [iter=4] HEARTBEAT target_type=call_site elapsed_min=194.0 files_done=217 resolved=706 errors=4757 current=spec/rubocop/cop/layout/space_before_comma_spec.rb
[2026-04-24T09:38:14Z] [iter=4] HEARTBEAT target_type=call_site elapsed_min=194.5 files_done=219 resolved=707 errors=4770 current=spec/rubocop/cop/lint/float_comparison_spec.rb
[2026-04-24T09:38:58Z] [iter=4] HEARTBEAT target_type=call_site elapsed_min=195.3 files_done=221 resolved=712 errors=4788 current=spec/support/multiline_literal_brace_helper.rb
[2026-04-24T09:39:41Z] [iter=4] HEARTBEAT target_type=call_site elapsed_min=196.0 files_done=223 resolved=712 errors=4806 current=lib/rubocop/cop/correctors/lambda_literal_to_method_corrector.rb
[2026-04-24T09:42:28Z] [iter=4] HEARTBEAT target_type=call_site elapsed_min=198.8 files_done=224 resolved=713 errors=4876 current=lib/rubocop/cop/lint/useless_constant_scoping.rb
[2026-04-24T09:43:16Z] [iter=4] HEARTBEAT target_type=call_site elapsed_min=199.6 files_done=225 resolved=715 errors=4896 current=lib/rubocop/cop/style/constant_visibility.rb
[2026-04-24T09:44:26Z] [iter=4] HEARTBEAT target_type=call_site elapsed_min=200.7 files_done=226 resolved=718 errors=4925 current=spec/rubocop/cop/internal_affairs/method_name_end_with_spec.rb
[2026-04-24T09:46:21Z] [iter=4] HEARTBEAT target_type=call_site elapsed_min=202.6 files_done=228 resolved=728 errors=4973 current=lib/rubocop/cop/layout/first_argument_indentation.rb
[2026-04-24T09:49:45Z] [iter=4] HEARTBEAT target_type=call_site elapsed_min=206.0 files_done=229 resolved=735 errors=5058 current=lib/rubocop/cop/naming/constant_name.rb
[2026-04-24T09:50:38Z] [iter=4] HEARTBEAT target_type=call_site elapsed_min=206.9 files_done=230 resolved=739 errors=5080 current=lib/rubocop/cop/style/if_inside_else.rb
[2026-04-24T09:53:15Z] [iter=4] HEARTBEAT target_type=call_site elapsed_min=209.5 files_done=231 resolved=741 errors=5146 current=spec/rubocop/cop/style/return_nil_in_predicate_method_definition_spec.rb
[2026-04-24T09:54:50Z] [iter=4] HEARTBEAT target_type=call_site elapsed_min=211.1 files_done=234 resolved=745 errors=5185 current=lib/rubocop/cop/style/it_assignment.rb
[2026-04-24T09:56:49Z] [iter=4] HEARTBEAT target_type=call_site elapsed_min=213.1 files_done=237 resolved=763 errors=5234 current=lib/rubocop/cop/layout/leading_comment_space.rb
[2026-04-24T09:58:49Z] [iter=4] HEARTBEAT target_type=call_site elapsed_min=215.1 files_done=238 resolved=769 errors=5284 current=lib/rubocop/cop/layout/empty_lines_around_attribute_accessor.rb
[2026-04-24T10:00:15Z] [iter=4] HEARTBEAT target_type=call_site elapsed_min=216.5 files_done=239 resolved=772 errors=5320 current=lib/rubocop/cop/style/slicing_with_range.rb
[2026-04-24T10:02:17Z] [iter=4] HEARTBEAT target_type=call_site elapsed_min=218.6 files_done=240 resolved=782 errors=5371 current=spec/rubocop/cop/gemspec/required_ruby_version_spec.rb
[2026-04-24T10:06:07Z] [iter=4] HEARTBEAT target_type=call_site elapsed_min=222.4 files_done=242 resolved=786 errors=5467 current=lib/rubocop/cop/layout/multiline_assignment_layout.rb
[2026-04-24T10:07:33Z] [iter=4] HEARTBEAT target_type=call_site elapsed_min=223.8 files_done=243 resolved=790 errors=5503 current=lib/rubocop/cop/correctors/line_break_corrector.rb
[2026-04-24T10:09:02Z] [iter=4] HEARTBEAT target_type=call_site elapsed_min=225.3 files_done=244 resolved=794 errors=5540 current=lib/rubocop/cop/style/line_end_concatenation.rb
[2026-04-24T10:10:31Z] [iter=4] HEARTBEAT target_type=call_site elapsed_min=226.8 files_done=245 resolved=797 errors=5577 current=spec/rubocop/cop/lint/ambiguous_operator_spec.rb
[2026-04-24T10:11:25Z] [iter=4] HEARTBEAT target_type=call_site elapsed_min=227.7 files_done=248 resolved=803 errors=5599 current=spec/rubocop/cop/style/redundant_sort_by_spec.rb
[2026-04-24T10:13:23Z] [iter=4] HEARTBEAT target_type=call_site elapsed_min=229.7 files_done=250 resolved=808 errors=5648 current=lib/rubocop/cop/style/dig_chain.rb
[2026-04-24T10:14:30Z] [iter=4] HEARTBEAT target_type=call_site elapsed_min=230.8 files_done=251 resolved=814 errors=5676 current=spec/rubocop/cop/lint/redundant_dir_glob_sort_spec.rb
[2026-04-24T10:15:55Z] [iter=4] HEARTBEAT target_type=call_site elapsed_min=232.2 files_done=253 resolved=821 errors=5711 current=spec/rubocop/cop/lint/deprecated_constants_spec.rb
[2026-04-24T10:16:34Z] [iter=4] HEARTBEAT target_type=call_site elapsed_min=232.9 files_done=255 resolved=830 errors=5727 current=lib/rubocop/cop/style/redundant_fetch_block.rb
[2026-04-24T10:17:41Z] [iter=4] HEARTBEAT target_type=call_site elapsed_min=234.0 files_done=256 resolved=838 errors=5755 current=lib/rubocop/lsp/logger.rb
[2026-04-24T10:18:37Z] [iter=4] HEARTBEAT target_type=call_site elapsed_min=234.9 files_done=258 resolved=844 errors=5778 current=spec/rubocop/cop/layout/comment_indentation_spec.rb
[2026-04-24T10:23:43Z] [iter=4] CHECKPOINT TRIGGERED elapsed_min=240.0 files_completed=962 new_files_this_iter=261 mem_mb=1707 MB
[2026-04-24T10:23:43Z] [iter=4] Writing partial enrichment graph path=/home/runner/work/forx/forx/storage/aggregate/lsp/2c1b30a47d357599f36ae69c41a63966e68d7592.nq.gz triples=222581
[2026-04-24T10:23:48Z] [iter=4] Checkpoint written, exiting with code 7
[2026-04-24T10:23:48Z] [iter=4] PHASE END: enrich (checkpointed) elapsed_s=14401 elapsed_min=240.0 files_completed=962
