[2026-04-23T18:04:00Z] === ENRICH ITERATION 1 START | repo=rubocop/rubocop sha=2c1b30a4 ===
[2026-04-23T18:04:00Z] [iter=1] PHASE START: enrich repo=rubocop/rubocop sha=2c1b30a4 runlog=/home/runner/work/forx/forx/storage/aggregate/lsp/logs/2c1b30a4-enrich-iter-001.log output=/home/runner/work/forx/forx/storage/aggregate/lsp/2c1b30a47d357599f36ae69c41a63966e68d7592.nq.gz
[2026-04-23T18:04:14Z] [iter=1] Step 1: Loading AST into disk-backed store mem_mb=78 MB
[2026-04-23T18:05:11Z] [iter=1] AST store loaded triples=5950511 load_secs=55 mem_mb=940 MB
[2026-04-23T18:05:11Z] [iter=1] Step 2: Finding LSP targets mem_mb=940 MB
[2026-04-23T18:05:47Z] [iter=1] LSP targets found call_sites=110373 imports=0 extends=0 implements=0 secs=36
[2026-04-23T18:06:18Z] [iter=1] Step 2.7: Building position index (one-shot, shared across resolvers) mem_mb=940 MB
[2026-04-23T18:06:52Z] [iter=1] Position index built positions=360605 nodes_with_types=478814 secs=34 mem_mb=1204 MB
[2026-04-23T18:06:52Z] [iter=1] Step 3: Starting LSP resolution mem_mb=1204 MB already_completed_types=[] already_completed_files=0
[2026-04-23T18:06:52Z] [iter=1] Resolving target type target_type=call_site count=110373
[2026-04-23T18:06:53Z] [iter=1] HEARTBEAT target_type=call_site elapsed_min=2.9 files_done=0 resolved=0 errors=0 current=spec/rubocop/cli/autocorrect_spec.rb
[2026-04-23T18:12:44Z] [iter=1] HEARTBEAT target_type=call_site elapsed_min=8.7 files_done=1 resolved=128 errors=149 current=lib/rubocop/cop/style/string_literals.rb
[2026-04-23T18:13:59Z] [iter=1] HEARTBEAT target_type=call_site elapsed_min=10.0 files_done=2 resolved=132 errors=188 current=lib/rubocop/cop/style/next.rb
[2026-04-23T18:17:56Z] [iter=1] HEARTBEAT target_type=call_site elapsed_min=13.9 files_done=3 resolved=137 errors=311 current=spec/rubocop/cop/style/redundant_regexp_character_class_spec.rb
[2026-04-23T18:20:22Z] [iter=1] HEARTBEAT target_type=call_site elapsed_min=16.4 files_done=5 resolved=146 errors=386 current=spec/rubocop/formatter/formatter_set_spec.rb
[2026-04-23T18:21:00Z] [iter=1] HEARTBEAT target_type=call_site elapsed_min=17.0 files_done=6 resolved=154 errors=405 current=spec/rubocop/config_spec.rb
[2026-04-23T18:22:12Z] [iter=1] HEARTBEAT target_type=call_site elapsed_min=18.2 files_done=7 resolved=165 errors=438 current=spec/rubocop/cop/lint/mixed_case_range_spec.rb
[2026-04-23T18:23:44Z] [iter=1] HEARTBEAT target_type=call_site elapsed_min=19.7 files_done=9 resolved=186 errors=485 current=spec/rubocop/magic_comment_spec.rb
[2026-04-23T18:24:43Z] [iter=1] HEARTBEAT target_type=call_site elapsed_min=20.7 files_done=11 resolved=192 errors=515 current=spec/rubocop/cop/style/or_assignment_spec.rb
[2026-04-23T18:26:28Z] [iter=1] HEARTBEAT target_type=call_site elapsed_min=22.5 files_done=15 resolved=198 errors=567 current=lib/rubocop/cop/layout/parameter_alignment.rb
[2026-04-23T18:27:05Z] [iter=1] HEARTBEAT target_type=call_site elapsed_min=23.1 files_done=16 resolved=200 errors=586 current=lib/rubocop/runner.rb
[2026-04-23T18:32:50Z] [iter=1] HEARTBEAT target_type=call_site elapsed_min=28.8 files_done=17 resolved=220 errors=764 current=spec/rubocop/cop/lint/useless_access_modifier_spec.rb
[2026-04-23T18:34:34Z] [iter=1] HEARTBEAT target_type=call_site elapsed_min=30.6 files_done=21 resolved=237 errors=816 current=spec/rubocop/cop/lint/safe_navigation_chain_spec.rb
[2026-04-23T18:38:54Z] [iter=1] HEARTBEAT target_type=call_site elapsed_min=34.9 files_done=23 resolved=247 errors=950 current=spec/rubocop/plugin/configuration_integrator_spec.rb
[2026-04-23T18:41:38Z] [iter=1] HEARTBEAT target_type=call_site elapsed_min=37.6 files_done=25 resolved=267 errors=1034 current=lib/rubocop/cop/style/redundant_regexp_character_class.rb
[2026-04-23T18:42:49Z] [iter=1] HEARTBEAT target_type=call_site elapsed_min=38.8 files_done=26 resolved=269 errors=1071 current=lib/rubocop/cop/style/inverse_methods.rb
[2026-04-23T18:45:27Z] [iter=1] HEARTBEAT target_type=call_site elapsed_min=41.4 files_done=27 resolved=279 errors=1153 current=lib/rubocop/cop/naming/variable_name.rb
[2026-04-23T18:46:00Z] [iter=1] HEARTBEAT target_type=call_site elapsed_min=42.0 files_done=28 resolved=286 errors=1170 current=spec/rubocop/cop/naming/heredoc_delimiter_case_spec.rb
[2026-04-23T18:46:54Z] [iter=1] HEARTBEAT target_type=call_site elapsed_min=42.9 files_done=31 resolved=289 errors=1198 current=spec/rubocop/cop/style/next_spec.rb
[2026-04-23T18:47:30Z] [iter=1] HEARTBEAT target_type=call_site elapsed_min=43.5 files_done=34 resolved=295 errors=1215 current=spec/rubocop/cop/lint/void_spec.rb
[2026-04-23T18:48:01Z] [iter=1] HEARTBEAT target_type=call_site elapsed_min=44.0 files_done=38 resolved=296 errors=1225 current=spec/rubocop/cop/style/redundant_parentheses_spec.rb
[2026-04-23T18:50:33Z] [iter=1] HEARTBEAT target_type=call_site elapsed_min=46.5 files_done=41 resolved=300 errors=1300 current=lib/rubocop/cop/layout/line_end_string_concatenation_indentation.rb
[2026-04-23T18:51:47Z] [iter=1] HEARTBEAT target_type=call_site elapsed_min=47.8 files_done=42 resolved=303 errors=1338 current=tasks/cut_release.rake
[2026-04-23T18:53:08Z] [iter=1] HEARTBEAT target_type=call_site elapsed_min=49.1 files_done=43 resolved=315 errors=1380 current=spec/rubocop/formatter/clang_style_formatter_spec.rb
[2026-04-23T18:55:42Z] [iter=1] HEARTBEAT target_type=call_site elapsed_min=51.7 files_done=45 resolved=329 errors=1459 current=spec/rubocop/cop/style/special_global_vars_spec.rb
[2026-04-23T18:56:19Z] [iter=1] HEARTBEAT target_type=call_site elapsed_min=52.3 files_done=48 resolved=336 errors=1476 current=spec/rubocop/cop/layout/indentation_consistency_spec.rb
[2026-04-23T19:03:58Z] [iter=1] HEARTBEAT target_type=call_site elapsed_min=60.0 files_done=51 resolved=342 errors=1712 current=spec/rubocop/cop/style/redundant_heredoc_delimiter_quotes_spec.rb
[2026-04-23T19:05:34Z] [iter=1] HEARTBEAT target_type=call_site elapsed_min=61.6 files_done=55 resolved=345 errors=1761 current=spec/rubocop/cop/style/block_delimiters_spec.rb
[2026-04-23T19:06:24Z] [iter=1] HEARTBEAT target_type=call_site elapsed_min=62.4 files_done=61 resolved=375 errors=1781 current=lib/rubocop/cop/layout/empty_lines_around_access_modifier.rb
[2026-04-23T19:09:44Z] [iter=1] HEARTBEAT target_type=call_site elapsed_min=65.7 files_done=62 resolved=382 errors=1885 current=spec/rubocop/cop/style/explicit_block_argument_spec.rb
[2026-04-23T19:18:52Z] [iter=1] HEARTBEAT target_type=call_site elapsed_min=74.9 files_done=65 resolved=442 errors=1948 current=spec/rubocop/formatter/fuubar_style_formatter_spec.rb
[2026-04-23T19:29:23Z] [iter=1] HEARTBEAT target_type=call_site elapsed_min=85.4 files_done=68 resolved=469 errors=2275 current=spec/rubocop/cop/style/send_with_literal_method_name_spec.rb
[2026-04-23T19:30:09Z] [iter=1] HEARTBEAT target_type=call_site elapsed_min=86.1 files_done=73 resolved=471 errors=2294 current=spec/rubocop/target_ruby_spec.rb
[2026-04-23T19:30:41Z] [iter=1] HEARTBEAT target_type=call_site elapsed_min=86.7 files_done=75 resolved=487 errors=2308 current=spec/rubocop/cop/lint/constant_overwritten_in_rescue_spec.rb
[2026-04-23T19:36:55Z] [iter=1] HEARTBEAT target_type=call_site elapsed_min=92.9 files_done=77 resolved=487 errors=2311 current=lib/rubocop/cop/lint/self_assignment.rb
[2026-04-23T19:39:50Z] [iter=1] HEARTBEAT target_type=call_site elapsed_min=95.8 files_done=78 resolved=487 errors=2402 current=lib/rubocop/cop/mixin/empty_lines_around_body.rb
[2026-04-23T19:41:32Z] [iter=1] HEARTBEAT target_type=call_site elapsed_min=97.5 files_done=79 resolved=500 errors=2455 current=lib/rubocop/cop/internal_affairs/location_exists.rb
[2026-04-23T19:42:36Z] [iter=1] HEARTBEAT target_type=call_site elapsed_min=98.6 files_done=80 resolved=508 errors=2488 current=spec/rubocop/cop/style/word_array_spec.rb
[2026-04-23T19:46:25Z] [iter=1] HEARTBEAT target_type=call_site elapsed_min=102.4 files_done=84 resolved=543 errors=2602 current=lib/rubocop/cop/mixin/end_keyword_alignment.rb
[2026-04-23T19:47:27Z] [iter=1] HEARTBEAT target_type=call_site elapsed_min=103.4 files_done=85 resolved=546 errors=2634 current=spec/rubocop/cop/style/hash_except_spec.rb
[2026-04-23T19:47:58Z] [iter=1] HEARTBEAT target_type=call_site elapsed_min=104.0 files_done=88 resolved=551 errors=2649 current=spec/rubocop/cli_spec.rb
[2026-04-23T19:53:44Z] [iter=1] HEARTBEAT target_type=call_site elapsed_min=109.7 files_done=89 resolved=566 errors=2813 current=lib/rubocop/cop/internal_affairs/single_line_comparison.rb
[2026-04-23T19:54:26Z] [iter=1] HEARTBEAT target_type=call_site elapsed_min=110.4 files_done=92 resolved=570 errors=2834 current=lib/rubocop/cop/lint/incompatible_io_select_with_fiber_scheduler.rb
[2026-04-23T19:55:16Z] [iter=1] HEARTBEAT target_type=call_site elapsed_min=111.3 files_done=93 resolved=574 errors=2860 current=lib/rubocop/cop/style/sample.rb
[2026-04-23T19:56:50Z] [iter=1] HEARTBEAT target_type=call_site elapsed_min=112.8 files_done=94 resolved=578 errors=2909 current=spec/rubocop/cop/style/exponential_notation_spec.rb
[2026-04-23T20:34:29Z] [iter=1] HEARTBEAT target_type=call_site elapsed_min=150.5 files_done=96 resolved=614 errors=3664 current=lib/rubocop/cop/internal_affairs/plugin.rb
[2026-04-23T20:36:06Z] [iter=1] HEARTBEAT target_type=call_site elapsed_min=152.1 files_done=98 resolved=622 errors=3714 current=spec/rubocop/cop/lint/deprecated_open_ssl_constant_spec.rb
[2026-04-23T20:37:56Z] [iter=1] HEARTBEAT target_type=call_site elapsed_min=153.9 files_done=100 resolved=624 errors=3771 current=spec/rubocop/server/cli_spec.rb
[2026-04-23T20:39:23Z] [iter=1] HEARTBEAT target_type=call_site elapsed_min=155.4 files_done=101 resolved=625 errors=3815 current=lib/rubocop/cop/style/sole_nested_conditional.rb
[2026-04-23T20:44:46Z] [iter=1] HEARTBEAT target_type=call_site elapsed_min=160.8 files_done=102 resolved=628 errors=3983 current=spec/rubocop/cop/style/empty_literal_spec.rb
[2026-04-23T20:45:16Z] [iter=1] HEARTBEAT target_type=call_site elapsed_min=161.3 files_done=106 resolved=628 errors=3997 current=spec/rubocop/cop/lint/shadowing_outer_local_variable_spec.rb
[2026-04-23T20:46:18Z] [iter=1] HEARTBEAT target_type=call_site elapsed_min=162.3 files_done=109 resolved=631 errors=4029 current=spec/rubocop/cop/lint/underscore_prefixed_variable_name_spec.rb
[2026-04-23T20:47:52Z] [iter=1] HEARTBEAT target_type=call_site elapsed_min=163.9 files_done=111 resolved=652 errors=4077 current=spec/rubocop/cop/layout/empty_line_after_multiline_condition_spec.rb
[2026-04-23T20:52:39Z] [iter=1] HEARTBEAT target_type=call_site elapsed_min=168.6 files_done=113 resolved=662 errors=4226 current=spec/rubocop/cop/style/identical_conditional_branches_spec.rb
[2026-04-23T20:56:59Z] [iter=1] HEARTBEAT target_type=call_site elapsed_min=173.0 files_done=115 resolved=679 errors=4359 current=spec/rubocop/runner_formatter_invocation_spec.rb
[2026-04-23T20:58:19Z] [iter=1] HEARTBEAT target_type=call_site elapsed_min=174.3 files_done=118 resolved=688 errors=4399 current=lib/rubocop/cop/style/method_call_with_args_parentheses/omit_parentheses.rb
[2026-04-23T21:04:06Z] [iter=1] HEARTBEAT target_type=call_site elapsed_min=180.1 files_done=119 resolved=690 errors=4580 current=spec/rubocop/config_obsoletion_spec.rb
[2026-04-23T21:05:32Z] [iter=1] HEARTBEAT target_type=call_site elapsed_min=181.5 files_done=121 resolved=724 errors=4622 current=spec/rubocop/lsp/server_spec.rb
[2026-04-23T21:06:34Z] [iter=1] HEARTBEAT target_type=call_site elapsed_min=182.6 files_done=122 resolved=732 errors=4627 current=spec/rubocop/cop/style/numeric_literals_spec.rb
[2026-04-23T21:07:16Z] [iter=1] HEARTBEAT target_type=call_site elapsed_min=183.3 files_done=126 resolved=746 errors=4648 current=spec/rubocop/file_finder_spec.rb
[2026-04-23T21:08:47Z] [iter=1] HEARTBEAT target_type=call_site elapsed_min=184.8 files_done=129 resolved=767 errors=4695 current=spec/rubocop/cop/layout/space_around_keyword_spec.rb
[2026-04-23T21:10:02Z] [iter=1] HEARTBEAT target_type=call_site elapsed_min=186.0 files_done=135 resolved=789 errors=4729 current=lib/rubocop/cop/style/array_intersect.rb
[2026-04-23T21:10:47Z] [iter=1] HEARTBEAT target_type=call_site elapsed_min=186.8 files_done=136 resolved=800 errors=4752 current=lib/rubocop/formatter/junit_formatter.rb
[2026-04-23T21:12:12Z] [iter=1] HEARTBEAT target_type=call_site elapsed_min=188.2 files_done=137 resolved=815 errors=4796 current=spec/rubocop/cop/style/comment_annotation_spec.rb
[2026-04-23T21:14:29Z] [iter=1] HEARTBEAT target_type=call_site elapsed_min=190.5 files_done=140 resolved=818 errors=4866 current=spec/rubocop/cop/style/trailing_comma_in_block_args_spec.rb
[2026-04-23T21:15:07Z] [iter=1] HEARTBEAT target_type=call_site elapsed_min=191.1 files_done=143 resolved=830 errors=4885 current=spec/rubocop/cop/style/negated_unless_spec.rb
[2026-04-23T21:15:50Z] [iter=1] HEARTBEAT target_type=call_site elapsed_min=191.8 files_done=145 resolved=839 errors=4907 current=lib/rubocop/cop/internal_affairs/node_type_group.rb
[2026-04-23T21:17:07Z] [iter=1] HEARTBEAT target_type=call_site elapsed_min=193.1 files_done=146 resolved=842 errors=4947 current=spec/rubocop/cop/style/select_by_regexp_spec.rb
[2026-04-23T21:17:39Z] [iter=1] HEARTBEAT target_type=call_site elapsed_min=193.6 files_done=150 resolved=854 errors=4962 current=spec/rubocop/runner_spec.rb
[2026-04-23T21:18:37Z] [iter=1] HEARTBEAT target_type=call_site elapsed_min=194.6 files_done=151 resolved=873 errors=4991 current=spec/rubocop/cop/style/numeric_predicate_spec.rb
[2026-04-23T21:21:09Z] [iter=1] HEARTBEAT target_type=call_site elapsed_min=197.1 files_done=155 resolved=879 errors=5069 current=spec/rubocop/cop/style/multiple_comparison_spec.rb
[2026-04-23T21:23:22Z] [iter=1] HEARTBEAT target_type=call_site elapsed_min=199.4 files_done=158 resolved=896 errors=5137 current=spec/rubocop/cop/style/documentation_method_spec.rb
[2026-04-23T21:23:59Z] [iter=1] HEARTBEAT target_type=call_site elapsed_min=200.0 files_done=163 resolved=927 errors=5150 current=lib/rubocop/cop/mixin/hash_shorthand_syntax.rb
[2026-04-23T21:27:42Z] [iter=1] HEARTBEAT target_type=call_site elapsed_min=203.7 files_done=164 resolved=935 errors=5266 current=lib/rubocop/cop/style/preferred_hash_methods.rb
[2026-04-23T21:28:26Z] [iter=1] HEARTBEAT target_type=call_site elapsed_min=204.4 files_done=165 resolved=938 errors=5289 current=lib/rubocop/cop/mixin/method_complexity.rb
[2026-04-23T21:29:20Z] [iter=1] HEARTBEAT target_type=call_site elapsed_min=205.3 files_done=166 resolved=946 errors=5317 current=spec/rubocop/cop/layout/space_around_equals_in_parameter_default_spec.rb
[2026-04-23T21:32:50Z] [iter=1] HEARTBEAT target_type=call_site elapsed_min=208.8 files_done=169 resolved=953 errors=5426 current=spec/rubocop/formatter/pacman_formatter_spec.rb
[2026-04-23T21:34:35Z] [iter=1] HEARTBEAT target_type=call_site elapsed_min=210.6 files_done=176 resolved=985 errors=5478 current=spec/rubocop/cop/lint/unused_method_argument_spec.rb
[2026-04-23T21:39:42Z] [iter=1] HEARTBEAT target_type=call_site elapsed_min=215.7 files_done=181 resolved=1001 errors=5635 current=spec/rubocop/cop/style/map_into_array_spec.rb
[2026-04-23T21:42:13Z] [iter=1] HEARTBEAT target_type=call_site elapsed_min=218.2 files_done=185 resolved=1013 errors=5712 current=spec/rubocop/cop/style/rescue_modifier_spec.rb
[2026-04-23T21:44:21Z] [iter=1] HEARTBEAT target_type=call_site elapsed_min=220.3 files_done=189 resolved=1018 errors=5777 current=lib/rubocop/cop/layout/heredoc_argument_closing_parenthesis.rb
[2026-04-23T21:48:56Z] [iter=1] HEARTBEAT target_type=call_site elapsed_min=224.9 files_done=190 resolved=1020 errors=5920 current=lib/rubocop/cop/variable_force/branch.rb
[2026-04-23T21:51:04Z] [iter=1] HEARTBEAT target_type=call_site elapsed_min=227.1 files_done=191 resolved=1048 errors=5986 current=lib/rubocop/cop/layout/single_line_block_chain.rb
[2026-04-23T21:51:53Z] [iter=1] HEARTBEAT target_type=call_site elapsed_min=227.9 files_done=192 resolved=1050 errors=6011 current=lib/rubocop/cop/lint/ineffective_access_modifier.rb
[2026-04-23T21:52:39Z] [iter=1] HEARTBEAT target_type=call_site elapsed_min=228.6 files_done=193 resolved=1057 errors=6035 current=spec/rubocop/cop/style/multiline_method_signature_spec.rb
[2026-04-23T21:53:15Z] [iter=1] HEARTBEAT target_type=call_site elapsed_min=229.2 files_done=197 resolved=1069 errors=6052 current=spec/rubocop/cop/style/invertible_unless_condition_spec.rb
[2026-04-23T21:56:22Z] [iter=1] HEARTBEAT target_type=call_site elapsed_min=232.4 files_done=199 resolved=1074 errors=6149 current=lib/rubocop/cop/style/block_delimiters.rb
[2026-04-23T22:02:10Z] [iter=1] HEARTBEAT target_type=call_site elapsed_min=238.2 files_done=200 resolved=1080 errors=6330 current=spec/rubocop/path_util_spec.rb
[2026-04-23T22:04:08Z] [iter=1] CHECKPOINT TRIGGERED elapsed_min=240.1 files_completed=201 new_files_this_iter=201 mem_mb=1308 MB
[2026-04-23T22:04:08Z] [iter=1] Writing partial enrichment graph path=/home/runner/work/forx/forx/storage/aggregate/lsp/2c1b30a47d357599f36ae69c41a63966e68d7592.nq.gz triples=68616
[2026-04-23T22:04:10Z] [iter=1] Checkpoint written, exiting with code 7
[2026-04-23T22:04:10Z] [iter=1] PHASE END: enrich (checkpointed) elapsed_s=14408 elapsed_min=240.1 files_completed=201
