[2026-04-24T02:18:02Z] === ENRICH ITERATION 3 START | repo=rubocop/rubocop sha=2c1b30a4 ===
[2026-04-24T02:18:02Z] [iter=3] PHASE START: enrich repo=rubocop/rubocop sha=2c1b30a4 runlog=/home/runner/work/forx/forx/storage/aggregate/lsp/logs/2c1b30a4-enrich-iter-003.log output=/home/runner/work/forx/forx/storage/aggregate/lsp/2c1b30a47d357599f36ae69c41a63966e68d7592.nq.gz
[2026-04-24T02:18:13Z] [iter=3] Step 1: Loading AST into disk-backed store mem_mb=78 MB
[2026-04-24T02:19:08Z] [iter=3] AST store loaded triples=5950511 load_secs=52 mem_mb=1043 MB
[2026-04-24T02:19:08Z] [iter=3] Step 2: Finding LSP targets mem_mb=1043 MB
[2026-04-24T02:19:45Z] [iter=3] LSP targets found call_sites=110373 imports=0 extends=0 implements=0 secs=37
[2026-04-24T02:19:50Z] [iter=3] Loaded checkpoint partial graph triples=129173
[2026-04-24T02:20:21Z] [iter=3] Step 2.7: Building position index (one-shot, shared across resolvers) mem_mb=1043 MB
[2026-04-24T02:20:58Z] [iter=3] Position index built positions=360605 nodes_with_types=478814 secs=36 mem_mb=1553 MB
[2026-04-24T02:20:58Z] [iter=3] Step 3: Starting LSP resolution mem_mb=1553 MB already_completed_types=[] already_completed_files=418
[2026-04-24T02:20:58Z] [iter=3] Resolving target type target_type=call_site count=110373
[2026-04-24T02:20:59Z] [iter=3] HEARTBEAT target_type=call_site elapsed_min=3.0 files_done=0 resolved=0 errors=0 current=lib/rubocop/rspec/shared_contexts.rb
[2026-04-24T02:22:45Z] [iter=3] HEARTBEAT target_type=call_site elapsed_min=4.7 files_done=1 resolved=23 errors=40 current=lib/rubocop/cop/util.rb
[2026-04-24T02:25:49Z] [iter=3] HEARTBEAT target_type=call_site elapsed_min=7.8 files_done=2 resolved=32 errors=116 current=lib/rubocop/cop/layout/trailing_whitespace.rb
[2026-04-24T02:27:41Z] [iter=3] HEARTBEAT target_type=call_site elapsed_min=9.6 files_done=3 resolved=35 errors=163 current=spec/rubocop/cop/naming/inclusive_language_spec.rb
[2026-04-24T02:31:15Z] [iter=3] HEARTBEAT target_type=call_site elapsed_min=13.2 files_done=6 resolved=35 errors=253 current=spec/rubocop/cop/lint/to_enum_arguments_spec.rb
[2026-04-24T02:34:30Z] [iter=3] HEARTBEAT target_type=call_site elapsed_min=16.5 files_done=8 resolved=38 errors=335 current=lib/rubocop/cop/layout/empty_line_after_multiline_condition.rb
[2026-04-24T02:36:26Z] [iter=3] HEARTBEAT target_type=call_site elapsed_min=18.4 files_done=9 resolved=41 errors=384 current=spec/rubocop/cop/lint/self_assignment_spec.rb
[2026-04-24T02:38:15Z] [iter=3] HEARTBEAT target_type=call_site elapsed_min=20.2 files_done=14 resolved=51 errors=429 current=spec/rubocop/cop/lint/float_out_of_range_spec.rb
[2026-04-24T02:40:50Z] [iter=3] HEARTBEAT target_type=call_site elapsed_min=22.8 files_done=17 resolved=64 errors=494 current=spec/rubocop/cop/lint/ambiguous_operator_precedence_spec.rb
[2026-04-24T02:43:05Z] [iter=3] HEARTBEAT target_type=call_site elapsed_min=25.0 files_done=19 resolved=67 errors=551 current=lib/rubocop/cop/style/method_call_without_args_parentheses.rb
[2026-04-24T02:45:20Z] [iter=3] HEARTBEAT target_type=call_site elapsed_min=27.3 files_done=20 resolved=70 errors=608 current=lib/rubocop/cop/style/map_into_array.rb
[2026-04-24T02:49:15Z] [iter=3] HEARTBEAT target_type=call_site elapsed_min=31.2 files_done=21 resolved=83 errors=707 current=spec/rubocop/cop/lint/unreachable_code_spec.rb
[2026-04-24T02:50:10Z] [iter=3] HEARTBEAT target_type=call_site elapsed_min=32.1 files_done=22 resolved=83 errors=730 current=spec/rubocop/cop/team_spec.rb
[2026-04-24T02:52:07Z] [iter=3] HEARTBEAT target_type=call_site elapsed_min=34.1 files_done=23 resolved=88 errors=776 current=spec/rubocop/cop/layout/else_alignment_spec.rb
[2026-04-24T02:53:26Z] [iter=3] HEARTBEAT target_type=call_site elapsed_min=35.4 files_done=25 resolved=90 errors=809 current=spec/rubocop/cop/style/parallel_assignment_spec.rb
[2026-04-24T02:54:06Z] [iter=3] HEARTBEAT target_type=call_site elapsed_min=36.1 files_done=28 resolved=97 errors=825 current=lib/rubocop/cop/lint/unescaped_bracket_in_regexp.rb
[2026-04-24T02:54:58Z] [iter=3] HEARTBEAT target_type=call_site elapsed_min=36.9 files_done=29 resolved=102 errors=847 current=lib/rubocop/cop/bundler/gem_version.rb
[2026-04-24T02:55:30Z] [iter=3] HEARTBEAT target_type=call_site elapsed_min=37.5 files_done=30 resolved=112 errors=860 current=spec/rubocop/cop/layout/space_inside_array_literal_brackets_spec.rb
[2026-04-24T02:56:33Z] [iter=3] HEARTBEAT target_type=call_site elapsed_min=38.5 files_done=32 resolved=122 errors=886 current=lib/rubocop/cop/mixin/space_after_punctuation.rb
[2026-04-24T02:57:04Z] [iter=3] HEARTBEAT target_type=call_site elapsed_min=39.0 files_done=33 resolved=123 errors=899 current=spec/rubocop/cop/security/open_spec.rb
[2026-04-24T02:58:59Z] [iter=3] HEARTBEAT target_type=call_site elapsed_min=40.9 files_done=35 resolved=129 errors=947 current=spec/rubocop/cop/layout/space_before_brackets_spec.rb
[2026-04-24T02:59:58Z] [iter=3] HEARTBEAT target_type=call_site elapsed_min=41.9 files_done=38 resolved=131 errors=971 current=spec/rubocop/cop/style/map_join_spec.rb
[2026-04-24T03:02:50Z] [iter=3] HEARTBEAT target_type=call_site elapsed_min=44.8 files_done=41 resolved=137 errors=1043 current=spec/rubocop/formatter/quiet_formatter_spec.rb
[2026-04-24T03:05:00Z] [iter=3] HEARTBEAT target_type=call_site elapsed_min=47.0 files_done=43 resolved=148 errors=1097 current=spec/rubocop/cop/style/eval_with_location_spec.rb
[2026-04-24T03:06:14Z] [iter=3] HEARTBEAT target_type=call_site elapsed_min=48.2 files_done=45 resolved=153 errors=1128 current=lib/rubocop/cop/mixin/trailing_comma.rb
[2026-04-24T03:11:07Z] [iter=3] HEARTBEAT target_type=call_site elapsed_min=53.1 files_done=46 resolved=159 errors=1252 current=spec/rubocop/cop/style/if_unless_modifier_spec.rb
[2026-04-24T03:13:59Z] [iter=3] HEARTBEAT target_type=call_site elapsed_min=55.9 files_done=53 resolved=166 errors=1321 current=lib/rubocop/cop/layout/empty_line_between_defs.rb
[2026-04-24T03:17:33Z] [iter=3] HEARTBEAT target_type=call_site elapsed_min=59.5 files_done=54 resolved=173 errors=1411 current=lib/rubocop/cop/layout/first_method_argument_line_break.rb
[2026-04-24T03:18:49Z] [iter=3] HEARTBEAT target_type=call_site elapsed_min=60.8 files_done=56 resolved=179 errors=1443 current=lib/rubocop/cop/style/string_hash_keys.rb
[2026-04-24T03:20:44Z] [iter=3] HEARTBEAT target_type=call_site elapsed_min=62.7 files_done=58 resolved=191 errors=1491 current=lib/rubocop/cop/lint/shadowed_argument.rb
[2026-04-24T03:22:43Z] [iter=3] HEARTBEAT target_type=call_site elapsed_min=64.7 files_done=59 resolved=194 errors=1541 current=lib/rubocop/cop/style/multiline_memoization.rb
[2026-04-24T03:24:06Z] [iter=3] HEARTBEAT target_type=call_site elapsed_min=66.1 files_done=60 resolved=197 errors=1576 current=spec/rubocop/cop/style/hash_transform_values_spec.rb
[2026-04-24T03:24:36Z] [iter=3] HEARTBEAT target_type=call_site elapsed_min=66.6 files_done=63 resolved=210 errors=1588 current=spec/rubocop/cop/metrics/utils/abc_size_calculator_spec.rb
[2026-04-24T03:26:19Z] [iter=3] HEARTBEAT target_type=call_site elapsed_min=68.3 files_done=68 resolved=215 errors=1630 current=lib/rubocop/cop/style/negated_if.rb
[2026-04-24T03:27:27Z] [iter=3] HEARTBEAT target_type=call_site elapsed_min=69.4 files_done=71 resolved=225 errors=1658 current=spec/rubocop/cop/style/sample_spec.rb
[2026-04-24T03:28:15Z] [iter=3] HEARTBEAT target_type=call_site elapsed_min=70.2 files_done=73 resolved=236 errors=1678 current=lib/rubocop/cop/bundler/duplicated_group.rb
[2026-04-24T03:29:59Z] [iter=3] HEARTBEAT target_type=call_site elapsed_min=72.0 files_done=74 resolved=239 errors=1722 current=lib/rubocop/cop/naming/heredoc_delimiter_case.rb
[2026-04-24T03:30:42Z] [iter=3] HEARTBEAT target_type=call_site elapsed_min=72.7 files_done=75 resolved=243 errors=1740 current=spec/rubocop/cop/style/string_concatenation_spec.rb
[2026-04-24T03:31:18Z] [iter=3] HEARTBEAT target_type=call_site elapsed_min=73.3 files_done=77 resolved=245 errors=1755 current=lib/rubocop/cop/internal_affairs/redundant_location_argument.rb
[2026-04-24T03:31:57Z] [iter=3] HEARTBEAT target_type=call_site elapsed_min=73.9 files_done=82 resolved=256 errors=1769 current=spec/rubocop/options_spec.rb
[2026-04-24T03:39:24Z] [iter=3] HEARTBEAT target_type=call_site elapsed_min=81.4 files_done=83 resolved=262 errors=1954 current=spec/rubocop/formatter/simple_text_formatter_spec.rb
[2026-04-24T03:41:28Z] [iter=3] HEARTBEAT target_type=call_site elapsed_min=83.4 files_done=87 resolved=274 errors=2006 current=lib/rubocop/lsp/routes.rb
[2026-04-24T03:43:58Z] [iter=3] HEARTBEAT target_type=call_site elapsed_min=85.9 files_done=88 resolved=289 errors=2069 current=spec/rubocop/config_store_spec.rb
[2026-04-24T03:45:42Z] [iter=3] HEARTBEAT target_type=call_site elapsed_min=87.7 files_done=90 resolved=291 errors=2113 current=lib/rubocop/cop/lint/redundant_require_statement.rb
[2026-04-24T03:46:14Z] [iter=3] HEARTBEAT target_type=call_site elapsed_min=88.2 files_done=91 resolved=295 errors=2126 current=lib/rubocop/cop/style/send_with_literal_method_name.rb
[2026-04-24T03:47:20Z] [iter=3] HEARTBEAT target_type=call_site elapsed_min=89.3 files_done=92 resolved=297 errors=2154 current=spec/rubocop/cop/lint/useless_setter_call_spec.rb
[2026-04-24T03:48:28Z] [iter=3] HEARTBEAT target_type=call_site elapsed_min=90.4 files_done=95 resolved=303 errors=2182 current=spec/rubocop/cop/style/trailing_method_end_statement_spec.rb
[2026-04-24T03:50:47Z] [iter=3] HEARTBEAT target_type=call_site elapsed_min=92.8 files_done=97 resolved=304 errors=2241 current=lib/rubocop/cop/lint/uri_escape_unescape.rb
[2026-04-24T03:51:19Z] [iter=3] HEARTBEAT target_type=call_site elapsed_min=93.3 files_done=100 resolved=313 errors=2254 current=lib/rubocop/cop/base.rb
[2026-04-24T03:54:57Z] [iter=3] HEARTBEAT target_type=call_site elapsed_min=96.9 files_done=101 resolved=335 errors=2346 current=spec/rubocop/cop/lint/non_atomic_file_operation_spec.rb
[2026-04-24T03:58:27Z] [iter=3] HEARTBEAT target_type=call_site elapsed_min=100.4 files_done=103 resolved=342 errors=2434 current=spec/rubocop/cop/bundler/duplicated_group_spec.rb
[2026-04-24T03:59:02Z] [iter=3] HEARTBEAT target_type=call_site elapsed_min=101.0 files_done=107 resolved=342 errors=2448 current=lib/rubocop/cop/style/comparable_clamp.rb
[2026-04-24T03:59:47Z] [iter=3] HEARTBEAT target_type=call_site elapsed_min=101.7 files_done=108 resolved=350 errors=2467 current=lib/rubocop/cop/layout/initial_indentation.rb
[2026-04-24T04:00:25Z] [iter=3] HEARTBEAT target_type=call_site elapsed_min=102.4 files_done=109 resolved=352 errors=2483 current=spec/rubocop/lsp/severity_spec.rb
[2026-04-24T04:03:01Z] [iter=3] HEARTBEAT target_type=call_site elapsed_min=105.0 files_done=118 resolved=398 errors=2544 current=spec/rubocop/cop/variable_force/assignment_spec.rb
[2026-04-24T04:06:41Z] [iter=3] HEARTBEAT target_type=call_site elapsed_min=108.6 files_done=121 resolved=405 errors=2636 current=spec/rubocop/cop/style/multiline_block_chain_spec.rb
[2026-04-24T04:07:12Z] [iter=3] HEARTBEAT target_type=call_site elapsed_min=109.2 files_done=126 resolved=419 errors=2645 current=lib/rubocop/config_finder.rb
[2026-04-24T04:07:48Z] [iter=3] HEARTBEAT target_type=call_site elapsed_min=109.8 files_done=128 resolved=440 errors=2660 current=lib/rubocop/cop/team.rb
[2026-04-24T04:11:49Z] [iter=3] HEARTBEAT target_type=call_site elapsed_min=113.8 files_done=129 resolved=453 errors=2762 current=spec/rubocop/cop/layout/space_inside_hash_literal_braces_spec.rb
[2026-04-24T04:14:05Z] [iter=3] HEARTBEAT target_type=call_site elapsed_min=116.1 files_done=131 resolved=458 errors=2819 current=lib/rubocop/cop/lint/missing_super.rb
[2026-04-24T04:15:15Z] [iter=3] HEARTBEAT target_type=call_site elapsed_min=117.2 files_done=132 resolved=462 errors=2848 current=lib/rubocop/cop/style/format_string_token.rb
[2026-04-24T04:18:06Z] [iter=3] HEARTBEAT target_type=call_site elapsed_min=120.1 files_done=133 resolved=470 errors=2920 current=lib/rubocop/cop/lint/format_parameter_mismatch.rb
[2026-04-24T04:21:37Z] [iter=3] HEARTBEAT target_type=call_site elapsed_min=123.6 files_done=134 resolved=473 errors=3009 current=lib/rubocop/cop/mixin/comments_help.rb
[2026-04-24T04:24:20Z] [iter=3] HEARTBEAT target_type=call_site elapsed_min=126.3 files_done=135 resolved=474 errors=3078 current=spec/rubocop/cop/lint/useless_constant_scoping_spec.rb
[2026-04-24T04:25:06Z] [iter=3] HEARTBEAT target_type=call_site elapsed_min=127.1 files_done=139 resolved=478 errors=3097 current=lib/rubocop/cop/layout/multiline_block_layout.rb
[2026-04-24T04:28:30Z] [iter=3] HEARTBEAT target_type=call_site elapsed_min=130.5 files_done=140 resolved=480 errors=3183 current=spec/rubocop/cop/layout/redundant_line_break_spec.rb
[2026-04-24T04:31:37Z] [iter=3] HEARTBEAT target_type=call_site elapsed_min=133.6 files_done=142 resolved=511 errors=3260 current=lib/rubocop/cop/mixin/array_min_size.rb
[2026-04-24T04:33:17Z] [iter=3] HEARTBEAT target_type=call_site elapsed_min=135.3 files_done=144 resolved=518 errors=3302 current=spec/rubocop/cop/layout/empty_comment_spec.rb
[2026-04-24T04:37:09Z] [iter=3] HEARTBEAT target_type=call_site elapsed_min=139.1 files_done=146 resolved=521 errors=3400 current=spec/rubocop/cop/message_annotator_spec.rb
[2026-04-24T04:39:07Z] [iter=3] HEARTBEAT target_type=call_site elapsed_min=141.1 files_done=150 resolved=523 errors=3449 current=lib/rubocop/cop/style/empty_else.rb
[2026-04-24T04:41:10Z] [iter=3] HEARTBEAT target_type=call_site elapsed_min=143.1 files_done=151 resolved=527 errors=3501 current=lib/rubocop/cop/naming/file_name.rb
[2026-04-24T04:43:56Z] [iter=3] HEARTBEAT target_type=call_site elapsed_min=145.9 files_done=152 resolved=539 errors=3571 current=lib/rubocop/cop/style/map_to_hash.rb
[2026-04-24T04:45:23Z] [iter=3] HEARTBEAT target_type=call_site elapsed_min=147.3 files_done=153 resolved=547 errors=3607 current=spec/rubocop/cop/style/empty_class_definition_spec.rb
[2026-04-24T04:47:12Z] [iter=3] HEARTBEAT target_type=call_site elapsed_min=149.2 files_done=155 resolved=551 errors=3653 current=spec/rubocop/cop/lint/useless_or_spec.rb
[2026-04-24T04:49:06Z] [iter=3] HEARTBEAT target_type=call_site elapsed_min=151.1 files_done=157 resolved=557 errors=3701 current=spec/rubocop/cop/layout/space_inside_block_braces_spec.rb
[2026-04-24T04:50:43Z] [iter=3] HEARTBEAT target_type=call_site elapsed_min=152.7 files_done=161 resolved=567 errors=3741 current=spec/rubocop/cop/style/trivial_accessors_spec.rb
[2026-04-24T04:52:15Z] [iter=3] HEARTBEAT target_type=call_site elapsed_min=154.2 files_done=167 resolved=583 errors=3779 current=spec/rubocop/cop/lint/nested_method_definition_spec.rb
[2026-04-24T04:54:09Z] [iter=3] HEARTBEAT target_type=call_site elapsed_min=156.1 files_done=171 resolved=598 errors=3826 current=spec/support/multiline_literal_brace_layout_method_argument_examples.rb
[2026-04-24T04:57:08Z] [iter=3] HEARTBEAT target_type=call_site elapsed_min=159.1 files_done=174 resolved=600 errors=3901 current=lib/rubocop/cop/style/ternary_parentheses.rb
[2026-04-24T05:00:44Z] [iter=3] HEARTBEAT target_type=call_site elapsed_min=162.7 files_done=175 resolved=610 errors=3992 current=spec/rubocop/cop/style/endless_method_spec.rb
[2026-04-24T05:02:02Z] [iter=3] HEARTBEAT target_type=call_site elapsed_min=164.0 files_done=178 resolved=613 errors=4023 current=lib/rubocop/cop/style/case_equality.rb
[2026-04-24T05:02:59Z] [iter=3] HEARTBEAT target_type=call_site elapsed_min=165.0 files_done=179 resolved=619 errors=4047 current=spec/rubocop/formatter/progress_formatter_spec.rb
[2026-04-24T05:04:26Z] [iter=3] HEARTBEAT target_type=call_site elapsed_min=166.4 files_done=181 resolved=636 errors=4083 current=lib/rubocop/cop/lint/deprecated_class_methods.rb
[2026-04-24T05:05:53Z] [iter=3] HEARTBEAT target_type=call_site elapsed_min=167.8 files_done=182 resolved=640 errors=4119 current=lib/rubocop/cop/mixin/hash_transform_method.rb
[2026-04-24T05:07:11Z] [iter=3] HEARTBEAT target_type=call_site elapsed_min=169.2 files_done=183 resolved=658 errors=4152 current=spec/rubocop/cop/style/map_compact_with_conditional_block_spec.rb
[2026-04-24T05:07:55Z] [iter=3] HEARTBEAT target_type=call_site elapsed_min=169.9 files_done=185 resolved=659 errors=4170 current=spec/rubocop/cop/style/redundant_regexp_argument_spec.rb
[2026-04-24T05:09:31Z] [iter=3] HEARTBEAT target_type=call_site elapsed_min=171.5 files_done=190 resolved=680 errors=4210 current=lib/rubocop/cop/style/static_class.rb
[2026-04-24T05:11:39Z] [iter=3] HEARTBEAT target_type=call_site elapsed_min=173.6 files_done=191 resolved=683 errors=4264 current=spec/rubocop/cop/lint/ineffective_access_modifier_spec.rb
[2026-04-24T05:12:10Z] [iter=3] HEARTBEAT target_type=call_site elapsed_min=174.1 files_done=201 resolved=684 errors=4275 current=spec/rubocop/cop/layout/trailing_whitespace_spec.rb
[2026-04-24T05:18:37Z] [iter=3] HEARTBEAT target_type=call_site elapsed_min=180.6 files_done=204 resolved=694 errors=4438 current=spec/support/multiline_literal_brace_layout_examples.rb
[2026-04-24T05:22:05Z] [iter=3] HEARTBEAT target_type=call_site elapsed_min=184.0 files_done=206 resolved=697 errors=4525 current=lib/rubocop/cop/lint/constant_resolution.rb
[2026-04-24T05:24:44Z] [iter=3] HEARTBEAT target_type=call_site elapsed_min=186.7 files_done=209 resolved=743 errors=4592 current=spec/rubocop/cop/style/trailing_body_on_method_definition_spec.rb
[2026-04-24T05:27:10Z] [iter=3] HEARTBEAT target_type=call_site elapsed_min=189.1 files_done=213 resolved=750 errors=4653 current=lib/rubocop/cop/lint/unused_block_argument.rb
[2026-04-24T05:28:38Z] [iter=3] HEARTBEAT target_type=call_site elapsed_min=190.6 files_done=214 resolved=752 errors=4690 current=lib/rubocop/cop/style/double_cop_disable_directive.rb
[2026-04-24T05:29:38Z] [iter=3] HEARTBEAT target_type=call_site elapsed_min=191.6 files_done=216 resolved=755 errors=4715 current=spec/rubocop/cop/layout/space_before_semicolon_spec.rb
[2026-04-24T05:32:13Z] [iter=3] HEARTBEAT target_type=call_site elapsed_min=194.2 files_done=220 resolved=772 errors=4780 current=spec/rubocop/formatter/offense_count_formatter_spec.rb
[2026-04-24T05:33:17Z] [iter=3] HEARTBEAT target_type=call_site elapsed_min=195.2 files_done=223 resolved=777 errors=4806 current=spec/rubocop/cop/style/redundant_fetch_block_spec.rb
[2026-04-24T05:33:50Z] [iter=3] HEARTBEAT target_type=call_site elapsed_min=195.8 files_done=231 resolved=779 errors=4818 current=spec/rubocop/cop/lint/redundant_string_coercion_spec.rb
[2026-04-24T05:39:15Z] [iter=3] HEARTBEAT target_type=call_site elapsed_min=201.2 files_done=234 resolved=783 errors=4954 current=spec/rubocop/cop/style/array_intersect_with_single_element_spec.rb
[2026-04-24T05:40:00Z] [iter=3] HEARTBEAT target_type=call_site elapsed_min=202.0 files_done=236 resolved=787 errors=4973 current=spec/rubocop/cop/layout/empty_lines_around_module_body_spec.rb
[2026-04-24T05:42:52Z] [iter=3] HEARTBEAT target_type=call_site elapsed_min=204.8 files_done=240 resolved=795 errors=5045 current=spec/rubocop/cop/layout/multiline_method_call_brace_layout_spec.rb
[2026-04-24T05:43:47Z] [iter=3] HEARTBEAT target_type=call_site elapsed_min=205.7 files_done=244 resolved=799 errors=5067 current=lib/rubocop/cop/lint/return_in_void_context.rb
[2026-04-24T05:44:18Z] [iter=3] HEARTBEAT target_type=call_site elapsed_min=206.3 files_done=245 resolved=800 errors=5080 current=lib/rubocop/cop/layout/indentation_width.rb
[2026-04-24T05:53:00Z] [iter=3] HEARTBEAT target_type=call_site elapsed_min=215.0 files_done=246 resolved=811 errors=5300 current=lib/rubocop/cop/style/while_until_do.rb
[2026-04-24T05:53:31Z] [iter=3] HEARTBEAT target_type=call_site elapsed_min=215.5 files_done=247 resolved=813 errors=5313 current=lib/rubocop/cop/style/string_literals_in_interpolation.rb
[2026-04-24T05:54:51Z] [iter=3] HEARTBEAT target_type=call_site elapsed_min=216.8 files_done=251 resolved=827 errors=5346 current=lib/rubocop/cop/lint/useless_numeric_operation.rb
[2026-04-24T05:56:55Z] [iter=3] HEARTBEAT target_type=call_site elapsed_min=218.9 files_done=253 resolved=838 errors=5398 current=spec/rubocop/cop/layout/space_in_lambda_literal_spec.rb
[2026-04-24T05:58:55Z] [iter=3] HEARTBEAT target_type=call_site elapsed_min=220.9 files_done=258 resolved=843 errors=5445 current=lib/rubocop/cop/style/multiple_comparison.rb
[2026-04-24T06:00:49Z] [iter=3] HEARTBEAT target_type=call_site elapsed_min=222.8 files_done=259 resolved=851 errors=5493 current=tasks/changelog.rb
[2026-04-24T06:03:15Z] [iter=3] HEARTBEAT target_type=call_site elapsed_min=225.2 files_done=260 resolved=874 errors=5554 current=spec/rubocop/cop/layout/initial_indentation_spec.rb
[2026-04-24T06:05:19Z] [iter=3] HEARTBEAT target_type=call_site elapsed_min=227.3 files_done=265 resolved=883 errors=5605 current=lib/rubocop/rspec/support.rb
[2026-04-24T06:06:17Z] [iter=3] HEARTBEAT target_type=call_site elapsed_min=228.2 files_done=266 resolved=887 errors=5629 current=lib/rubocop/formatter/progress_formatter.rb
[2026-04-24T06:06:49Z] [iter=3] HEARTBEAT target_type=call_site elapsed_min=228.8 files_done=267 resolved=894 errors=5642 current=spec/rubocop/cop/layout/empty_line_after_magic_comment_spec.rb
[2026-04-24T06:08:20Z] [iter=3] HEARTBEAT target_type=call_site elapsed_min=230.3 files_done=271 resolved=894 errors=5680 current=spec/rubocop/cop/variable_force_spec.rb
[2026-04-24T06:09:38Z] [iter=3] HEARTBEAT target_type=call_site elapsed_min=231.6 files_done=274 resolved=909 errors=5712 current=lib/rubocop/cop/lint/duplicate_require.rb
[2026-04-24T06:11:47Z] [iter=3] HEARTBEAT target_type=call_site elapsed_min=233.7 files_done=277 resolved=920 errors=5766 current=lib/rubocop/config_loader_resolver.rb
[2026-04-24T06:16:05Z] [iter=3] HEARTBEAT target_type=call_site elapsed_min=238.1 files_done=278 resolved=962 errors=5874 current=spec/rubocop/cop/style/multiline_ternary_operator_spec.rb
[2026-04-24T06:18:03Z] [iter=3] CHECKPOINT TRIGGERED elapsed_min=240.0 files_completed=701 new_files_this_iter=283 mem_mb=1563 MB
[2026-04-24T06:18:03Z] [iter=3] Writing partial enrichment graph path=/home/runner/work/forx/forx/storage/aggregate/lsp/2c1b30a47d357599f36ae69c41a63966e68d7592.nq.gz triples=180827
[2026-04-24T06:18:06Z] [iter=3] Checkpoint written, exiting with code 7
[2026-04-24T06:18:06Z] [iter=3] PHASE END: enrich (checkpointed) elapsed_s=14401 elapsed_min=240.0 files_completed=701
