[2026-04-23T08:17:18Z] === ENRICH ITERATION 3 START | repo=rubocop/rubocop sha=af802664 ===
[2026-04-23T08:17:18Z] [iter=3] PHASE START: enrich repo=rubocop/rubocop sha=af802664 runlog=/home/runner/work/forx/forx/storage/aggregate/lsp/logs/af802664-enrich-iter-003.log output=/home/runner/work/forx/forx/storage/aggregate/lsp/af8026643d436c4570bf7063a7475e2cad95fd49.nq.gz
[2026-04-23T08:17:29Z] [iter=3] Step 1: Loading AST into disk-backed store mem_mb=78 MB
[2026-04-23T08:18:25Z] [iter=3] AST store loaded triples=5962817 load_secs=54 mem_mb=1009 MB
[2026-04-23T08:18:25Z] [iter=3] Step 2: Finding LSP targets mem_mb=1009 MB
[2026-04-23T08:19:03Z] [iter=3] LSP targets found call_sites=110635 imports=0 extends=0 implements=0 secs=38
[2026-04-23T08:19:08Z] [iter=3] Loaded checkpoint partial graph triples=118023
[2026-04-23T08:19:40Z] [iter=3] Step 2.7: Building position index (one-shot, shared across resolvers) mem_mb=1009 MB
[2026-04-23T08:20:15Z] [iter=3] Position index built positions=361286 nodes_with_types=479789 secs=35 mem_mb=1459 MB
[2026-04-23T08:20:15Z] [iter=3] Step 3: Starting LSP resolution mem_mb=1459 MB already_completed_types=[] already_completed_files=372
[2026-04-23T08:20:15Z] [iter=3] Resolving target type target_type=call_site count=110635
[2026-04-23T08:20:17Z] [iter=3] HEARTBEAT target_type=call_site elapsed_min=3.0 files_done=0 resolved=0 errors=0 current=lib/rubocop/cop/mixin/require_library.rb
[2026-04-23T08:20:57Z] [iter=3] HEARTBEAT target_type=call_site elapsed_min=3.6 files_done=1 resolved=4 errors=16 current=lib/rubocop/cop/internal_affairs/redundant_context_config_parameter.rb
[2026-04-23T08:21:31Z] [iter=3] HEARTBEAT target_type=call_site elapsed_min=4.2 files_done=2 resolved=6 errors=33 current=spec/rubocop/cop/style/missing_else_spec.rb
[2026-04-23T08:22:40Z] [iter=3] HEARTBEAT target_type=call_site elapsed_min=5.4 files_done=8 resolved=11 errors=66 current=spec/rubocop/cop/util_spec.rb
[2026-04-23T08:27:24Z] [iter=3] HEARTBEAT target_type=call_site elapsed_min=10.1 files_done=11 resolved=16 errors=211 current=lib/rubocop/cop/layout/space_inside_array_percent_literal.rb
[2026-04-23T08:31:32Z] [iter=3] HEARTBEAT target_type=call_site elapsed_min=14.2 files_done=13 resolved=32 errors=339 current=spec/rubocop/cop/style/arguments_forwarding_spec.rb
[2026-04-23T08:33:25Z] [iter=3] HEARTBEAT target_type=call_site elapsed_min=16.1 files_done=15 resolved=66 errors=392 current=spec/rubocop/cop/lint/number_conversion_spec.rb
[2026-04-23T08:34:15Z] [iter=3] HEARTBEAT target_type=call_site elapsed_min=16.9 files_done=17 resolved=71 errors=417 current=spec/rubocop/cop/layout/first_array_element_indentation_spec.rb
[2026-04-23T08:36:05Z] [iter=3] HEARTBEAT target_type=call_site elapsed_min=18.8 files_done=20 resolved=95 errors=472 current=lib/rubocop/cop/layout/multiline_block_layout.rb
[2026-04-23T08:38:51Z] [iter=3] HEARTBEAT target_type=call_site elapsed_min=21.5 files_done=21 resolved=97 errors=558 current=spec/rubocop/cop/style/percent_q_literals_spec.rb
[2026-04-23T08:40:10Z] [iter=3] HEARTBEAT target_type=call_site elapsed_min=22.9 files_done=23 resolved=99 errors=599 current=spec/rubocop/cop/style/redundant_array_constructor_spec.rb
[2026-04-23T08:41:28Z] [iter=3] HEARTBEAT target_type=call_site elapsed_min=24.2 files_done=25 resolved=100 errors=639 current=spec/rubocop/cop/style/trailing_comma_in_array_literal_spec.rb
[2026-04-23T08:42:21Z] [iter=3] HEARTBEAT target_type=call_site elapsed_min=25.0 files_done=29 resolved=105 errors=661 current=lib/rubocop/cop/mixin/check_line_breakable.rb
[2026-04-23T08:45:15Z] [iter=3] HEARTBEAT target_type=call_site elapsed_min=27.9 files_done=30 resolved=105 errors=751 current=lib/rubocop/cop/style/case_like_if.rb
[2026-04-23T08:49:11Z] [iter=3] HEARTBEAT target_type=call_site elapsed_min=31.9 files_done=31 resolved=108 errors=873 current=spec/rubocop/cop/lint/ambiguous_operator_spec.rb
[2026-04-23T08:50:42Z] [iter=3] HEARTBEAT target_type=call_site elapsed_min=33.4 files_done=33 resolved=111 errors=920 current=spec/rubocop/cop/bundler/gem_filename_spec.rb
[2026-04-23T08:57:10Z] [iter=3] HEARTBEAT target_type=call_site elapsed_min=39.9 files_done=38 resolved=115 errors=1120 current=spec/isolated_environment_spec.rb
[2026-04-23T08:58:21Z] [iter=3] HEARTBEAT target_type=call_site elapsed_min=41.0 files_done=41 resolved=129 errors=1129 current=spec/rubocop/cop/style/string_concatenation_spec.rb
[2026-04-23T08:59:10Z] [iter=3] HEARTBEAT target_type=call_site elapsed_min=41.9 files_done=43 resolved=131 errors=1154 current=lib/rubocop/cop/style/redundant_interpolation.rb
[2026-04-23T09:01:23Z] [iter=3] HEARTBEAT target_type=call_site elapsed_min=44.1 files_done=44 resolved=133 errors=1223 current=spec/rubocop/cop/layout/empty_line_after_magic_comment_spec.rb
[2026-04-23T09:02:12Z] [iter=3] HEARTBEAT target_type=call_site elapsed_min=44.9 files_done=49 resolved=135 errors=1246 current=lib/rubocop/cop/lint/debugger.rb
[2026-04-23T09:03:35Z] [iter=3] HEARTBEAT target_type=call_site elapsed_min=46.3 files_done=50 resolved=136 errors=1288 current=spec/rubocop/cop/layout/first_array_element_line_break_spec.rb
[2026-04-23T09:05:02Z] [iter=3] HEARTBEAT target_type=call_site elapsed_min=47.7 files_done=55 resolved=165 errors=1331 current=spec/rubocop/cop/style/attr_spec.rb
[2026-04-23T09:07:26Z] [iter=3] HEARTBEAT target_type=call_site elapsed_min=50.1 files_done=60 resolved=168 errors=1404 current=lib/rubocop/cop/style/explicit_block_argument.rb
[2026-04-23T09:09:46Z] [iter=3] HEARTBEAT target_type=call_site elapsed_min=52.5 files_done=61 resolved=174 errors=1476 current=spec/ruby_lsp/rubocop/addon_spec.rb
[2026-04-23T09:11:48Z] [iter=3] HEARTBEAT target_type=call_site elapsed_min=54.5 files_done=62 resolved=179 errors=1538 current=Rakefile
[2026-04-23T09:12:49Z] [iter=3] HEARTBEAT target_type=call_site elapsed_min=55.5 files_done=63 resolved=213 errors=1568 current=spec/rubocop/cop/lint/ambiguous_block_association_spec.rb
[2026-04-23T09:16:27Z] [iter=3] HEARTBEAT target_type=call_site elapsed_min=59.1 files_done=67 resolved=219 errors=1679 current=spec/rubocop/cop/metrics/parameter_lists_spec.rb
[2026-04-23T09:18:46Z] [iter=3] HEARTBEAT target_type=call_site elapsed_min=61.5 files_done=71 resolved=229 errors=1750 current=spec/rubocop/cop/style/array_intersect_spec.rb
[2026-04-23T09:22:07Z] [iter=3] HEARTBEAT target_type=call_site elapsed_min=64.8 files_done=75 resolved=242 errors=1853 current=lib/rubocop/cop/style/document_dynamic_eval_definition.rb
[2026-04-23T09:24:03Z] [iter=3] HEARTBEAT target_type=call_site elapsed_min=66.7 files_done=76 resolved=244 errors=1913 current=lib/rubocop/cop/style/map_compact_with_conditional_block.rb
[2026-04-23T09:26:09Z] [iter=3] HEARTBEAT target_type=call_site elapsed_min=68.8 files_done=77 resolved=249 errors=1978 current=lib/rubocop/config_validator.rb
[2026-04-23T09:28:55Z] [iter=3] HEARTBEAT target_type=call_site elapsed_min=71.6 files_done=78 resolved=268 errors=2063 current=spec/rubocop/cop/layout/rescue_ensure_alignment_spec.rb
[2026-04-23T09:29:29Z] [iter=3] HEARTBEAT target_type=call_site elapsed_min=72.2 files_done=85 resolved=271 errors=2077 current=spec/rubocop/cop/layout/space_inside_parens_spec.rb
[2026-04-23T09:30:26Z] [iter=3] HEARTBEAT target_type=call_site elapsed_min=73.1 files_done=88 resolved=275 errors=2106 current=spec/rubocop/cop/style/symbol_array_spec.rb
[2026-04-23T09:33:51Z] [iter=3] HEARTBEAT target_type=call_site elapsed_min=76.6 files_done=91 resolved=288 errors=2212 current=spec/project_spec.rb
[2026-04-23T09:38:10Z] [iter=3] HEARTBEAT target_type=call_site elapsed_min=80.9 files_done=92 resolved=305 errors=2345 current=spec/rubocop/formatter/progress_formatter_spec.rb
[2026-04-23T09:39:43Z] [iter=3] HEARTBEAT target_type=call_site elapsed_min=82.4 files_done=96 resolved=320 errors=2392 current=spec/rubocop/cop/style/numeric_predicate_spec.rb
[2026-04-23T09:40:23Z] [iter=3] HEARTBEAT target_type=call_site elapsed_min=83.1 files_done=98 resolved=331 errors=2412 current=lib/rubocop/formatter/offense_count_formatter.rb
[2026-04-23T09:41:20Z] [iter=3] HEARTBEAT target_type=call_site elapsed_min=84.0 files_done=99 resolved=342 errors=2440 current=lib/rubocop/error.rb
[2026-04-23T09:43:18Z] [iter=3] HEARTBEAT target_type=call_site elapsed_min=86.0 files_done=102 resolved=355 errors=2501 current=spec/rubocop/formatter/emacs_style_formatter_spec.rb
[2026-04-23T09:45:19Z] [iter=3] HEARTBEAT target_type=call_site elapsed_min=88.0 files_done=105 resolved=366 errors=2563 current=spec/rubocop/cop/style/line_end_concatenation_spec.rb
[2026-04-23T09:47:27Z] [iter=3] HEARTBEAT target_type=call_site elapsed_min=90.1 files_done=107 resolved=394 errors=2629 current=lib/rubocop/cop/style/file_write.rb
[2026-04-23T09:48:33Z] [iter=3] HEARTBEAT target_type=call_site elapsed_min=91.2 files_done=108 resolved=403 errors=2663 current=lib/rubocop/cop/style/numeric_literal_prefix.rb
[2026-04-23T09:49:08Z] [iter=3] HEARTBEAT target_type=call_site elapsed_min=91.8 files_done=109 resolved=406 errors=2681 current=lib/rubocop/cop/lint/array_literal_in_regexp.rb
[2026-04-23T09:50:10Z] [iter=3] HEARTBEAT target_type=call_site elapsed_min=92.9 files_done=110 resolved=410 errors=2713 current=lib/rubocop/cop/lint/nested_percent_literal.rb
[2026-04-23T09:51:06Z] [iter=3] HEARTBEAT target_type=call_site elapsed_min=93.8 files_done=114 resolved=412 errors=2741 current=spec/rubocop/cop/style/class_methods_spec.rb
[2026-04-23T09:52:24Z] [iter=3] HEARTBEAT target_type=call_site elapsed_min=95.1 files_done=121 resolved=418 errors=2778 current=spec/rubocop/cop/gemspec/attribute_assignment_spec.rb
[2026-04-23T09:53:40Z] [iter=3] HEARTBEAT target_type=call_site elapsed_min=96.4 files_done=123 resolved=423 errors=2817 current=spec/rubocop/cop/style/ternary_parentheses_spec.rb
[2026-04-23T09:54:22Z] [iter=3] HEARTBEAT target_type=call_site elapsed_min=97.1 files_done=125 resolved=426 errors=2837 current=spec/rubocop/formatter/text_util_spec.rb
[2026-04-23T09:56:48Z] [iter=3] HEARTBEAT target_type=call_site elapsed_min=99.5 files_done=128 resolved=454 errors=2912 current=spec/rubocop/cop/style/raise_args_spec.rb
[2026-04-23T09:59:49Z] [iter=3] HEARTBEAT target_type=call_site elapsed_min=102.5 files_done=131 resolved=491 errors=3005 current=spec/rubocop/cop/layout/multiline_operation_indentation_spec.rb
[2026-04-23T10:00:19Z] [iter=3] HEARTBEAT target_type=call_site elapsed_min=103.0 files_done=133 resolved=495 errors=3020 current=lib/rubocop/cop/style/symbol_array.rb
[2026-04-23T10:01:27Z] [iter=3] HEARTBEAT target_type=call_site elapsed_min=104.2 files_done=134 resolved=502 errors=3055 current=lib/rubocop/server/cli.rb
[2026-04-23T10:02:59Z] [iter=3] HEARTBEAT target_type=call_site elapsed_min=105.7 files_done=135 resolved=507 errors=3102 current=lib/rubocop/cop/gemspec/attribute_assignment.rb
[2026-04-23T10:03:32Z] [iter=3] HEARTBEAT target_type=call_site elapsed_min=106.2 files_done=136 resolved=514 errors=3119 current=spec/rubocop/cop/lint/unescaped_bracket_in_regexp_spec.rb
[2026-04-23T10:04:20Z] [iter=3] HEARTBEAT target_type=call_site elapsed_min=107.0 files_done=139 resolved=517 errors=3143 current=lib/rubocop/cop/style/unless_logical_operators.rb
[2026-04-23T10:05:06Z] [iter=3] HEARTBEAT target_type=call_site elapsed_min=107.8 files_done=140 resolved=524 errors=3167 current=lib/rubocop/cop/layout/empty_lines_after_module_inclusion.rb
[2026-04-23T10:06:14Z] [iter=3] HEARTBEAT target_type=call_site elapsed_min=108.9 files_done=141 resolved=526 errors=3202 current=lib/rubocop/lsp/routes.rb
[2026-04-23T10:08:17Z] [iter=3] HEARTBEAT target_type=call_site elapsed_min=111.0 files_done=142 resolved=541 errors=3265 current=lib/rubocop/cop/style/nested_file_dirname.rb
[2026-04-23T10:08:48Z] [iter=3] HEARTBEAT target_type=call_site elapsed_min=111.5 files_done=143 resolved=549 errors=3281 current=spec/rubocop/cop/style/trailing_comma_in_block_args_spec.rb
[2026-04-23T10:09:31Z] [iter=3] HEARTBEAT target_type=call_site elapsed_min=112.2 files_done=148 resolved=553 errors=3302 current=spec/rubocop/cop/naming/ascii_identifiers_spec.rb
[2026-04-23T10:12:20Z] [iter=3] HEARTBEAT target_type=call_site elapsed_min=115.0 files_done=150 resolved=557 errors=3389 current=lib/rubocop/cop/layout/heredoc_indentation.rb
[2026-04-23T10:14:30Z] [iter=3] HEARTBEAT target_type=call_site elapsed_min=117.2 files_done=151 resolved=565 errors=3456 current=spec/rubocop/cop/layout/indentation_width_spec.rb
[2026-04-23T10:15:42Z] [iter=3] HEARTBEAT target_type=call_site elapsed_min=118.4 files_done=153 resolved=569 errors=3489 current=spec/rubocop/cop/internal_affairs/redundant_source_range_spec.rb
[2026-04-23T10:19:40Z] [iter=3] HEARTBEAT target_type=call_site elapsed_min=122.4 files_done=155 resolved=574 errors=3612 current=spec/rubocop/cop/layout/multiline_array_brace_layout_spec.rb
[2026-04-23T10:21:37Z] [iter=3] HEARTBEAT target_type=call_site elapsed_min=124.3 files_done=157 resolved=577 errors=3672 current=spec/rubocop/cop/lint/redundant_cop_disable_directive_spec.rb
[2026-04-23T10:23:45Z] [iter=3] HEARTBEAT target_type=call_site elapsed_min=126.4 files_done=159 resolved=580 errors=3737 current=spec/rubocop/cop/lint/ambiguous_range_spec.rb
[2026-04-23T10:25:24Z] [iter=3] HEARTBEAT target_type=call_site elapsed_min=128.1 files_done=161 resolved=583 errors=3788 current=spec/rubocop/cop/style/trailing_comma_in_arguments_spec.rb
[2026-04-23T10:31:13Z] [iter=3] HEARTBEAT target_type=call_site elapsed_min=133.9 files_done=167 resolved=591 errors=3966 current=spec/rubocop/cop/style/data_inheritance_spec.rb
[2026-04-23T10:32:35Z] [iter=3] HEARTBEAT target_type=call_site elapsed_min=135.3 files_done=170 resolved=595 errors=4008 current=spec/rubocop/cop/style/global_std_stream_spec.rb
[2026-04-23T10:33:16Z] [iter=3] HEARTBEAT target_type=call_site elapsed_min=136.0 files_done=172 resolved=596 errors=4029 current=spec/rubocop/cop/lint/unreachable_code_spec.rb
[2026-04-23T10:34:02Z] [iter=3] HEARTBEAT target_type=call_site elapsed_min=136.7 files_done=173 resolved=596 errors=4052 current=spec/rubocop/cop/lint/duplicate_hash_key_spec.rb
[2026-04-23T10:35:20Z] [iter=3] HEARTBEAT target_type=call_site elapsed_min=138.0 files_done=175 resolved=619 errors=4092 current=spec/rubocop/cop/style/lambda_spec.rb
[2026-04-23T10:37:00Z] [iter=3] HEARTBEAT target_type=call_site elapsed_min=139.7 files_done=179 resolved=630 errors=4140 current=spec/rubocop/formatter/pacman_formatter_spec.rb
[2026-04-23T10:40:59Z] [iter=3] HEARTBEAT target_type=call_site elapsed_min=143.7 files_done=182 resolved=650 errors=4263 current=spec/rubocop/server/client_command/exec_spec.rb
[2026-04-23T10:41:32Z] [iter=3] HEARTBEAT target_type=call_site elapsed_min=144.2 files_done=186 resolved=659 errors=4279 current=lib/rubocop/cli/command/show_cops.rb
[2026-04-23T10:42:40Z] [iter=3] HEARTBEAT target_type=call_site elapsed_min=145.4 files_done=187 resolved=667 errors=4314 current=lib/rubocop/cop/style/exact_regexp_match.rb
[2026-04-23T10:43:19Z] [iter=3] HEARTBEAT target_type=call_site elapsed_min=146.0 files_done=190 resolved=675 errors=4334 current=lib/rubocop/cop/mixin/gemspec_help.rb
[2026-04-23T10:46:32Z] [iter=3] HEARTBEAT target_type=call_site elapsed_min=149.2 files_done=193 resolved=694 errors=4433 current=spec/rubocop/cop/style/multiline_ternary_operator_spec.rb
[2026-04-23T10:48:06Z] [iter=3] HEARTBEAT target_type=call_site elapsed_min=150.8 files_done=196 resolved=701 errors=4481 current=spec/rubocop/cop/style/static_class_spec.rb
[2026-04-23T10:50:22Z] [iter=3] HEARTBEAT target_type=call_site elapsed_min=153.1 files_done=199 resolved=704 errors=4551 current=spec/rubocop/cop/lint/missing_super_spec.rb
[2026-04-23T10:51:25Z] [iter=3] HEARTBEAT target_type=call_site elapsed_min=154.1 files_done=201 resolved=704 errors=4583 current=lib/rubocop/cop/style/redundant_regexp_escape.rb
[2026-04-23T10:52:27Z] [iter=3] HEARTBEAT target_type=call_site elapsed_min=155.1 files_done=202 resolved=706 errors=4615 current=spec/rubocop/cop/layout/block_end_newline_spec.rb
[2026-04-23T10:54:28Z] [iter=3] HEARTBEAT target_type=call_site elapsed_min=157.2 files_done=207 resolved=708 errors=4676 current=lib/rubocop/cop/lint/float_comparison.rb
[2026-04-23T10:55:55Z] [iter=3] HEARTBEAT target_type=call_site elapsed_min=158.6 files_done=208 resolved=712 errors=4721 current=spec/rubocop/cop/style/double_negation_spec.rb
[2026-04-23T10:58:57Z] [iter=3] HEARTBEAT target_type=call_site elapsed_min=161.6 files_done=213 resolved=717 errors=4814 current=spec/rubocop/cop/lint/shadowed_argument_spec.rb
[2026-04-23T11:00:46Z] [iter=3] HEARTBEAT target_type=call_site elapsed_min=163.5 files_done=216 resolved=729 errors=4869 current=lib/rubocop/server/client_command/start.rb
[2026-04-23T11:01:35Z] [iter=3] HEARTBEAT target_type=call_site elapsed_min=164.3 files_done=219 resolved=736 errors=4894 current=spec/rubocop/cop/bundler/gem_comment_spec.rb
[2026-04-23T11:04:02Z] [iter=3] HEARTBEAT target_type=call_site elapsed_min=166.7 files_done=222 resolved=742 errors=4969 current=spec/rubocop/cop/style/next_spec.rb
[2026-04-23T11:06:42Z] [iter=3] HEARTBEAT target_type=call_site elapsed_min=169.4 files_done=226 resolved=754 errors=5051 current=lib/rubocop/cop/correctors/percent_literal_corrector.rb
[2026-04-23T11:08:33Z] [iter=3] HEARTBEAT target_type=call_site elapsed_min=171.2 files_done=227 resolved=756 errors=5108 current=lib/rubocop/cop/lint/safe_navigation_chain.rb
[2026-04-23T11:10:39Z] [iter=3] HEARTBEAT target_type=call_site elapsed_min=173.3 files_done=228 resolved=762 errors=5173 current=lib/rubocop/cop/naming/file_name.rb
[2026-04-23T11:12:54Z] [iter=3] HEARTBEAT target_type=call_site elapsed_min=175.6 files_done=229 resolved=774 errors=5243 current=spec/rubocop/plugin/loader_spec.rb
[2026-04-23T11:14:26Z] [iter=3] HEARTBEAT target_type=call_site elapsed_min=177.1 files_done=232 resolved=782 errors=5290 current=spec/rubocop/cop/style/trailing_comma_in_hash_literal_spec.rb
[2026-04-23T11:16:00Z] [iter=3] HEARTBEAT target_type=call_site elapsed_min=178.7 files_done=235 resolved=786 errors=5338 current=lib/rubocop/cop/mixin/percent_array.rb
[2026-04-23T11:17:39Z] [iter=3] HEARTBEAT target_type=call_site elapsed_min=180.3 files_done=236 resolved=787 errors=5389 current=spec/rubocop/cop/layout/first_parameter_indentation_spec.rb
[2026-04-23T11:18:12Z] [iter=3] HEARTBEAT target_type=call_site elapsed_min=180.9 files_done=238 resolved=791 errors=5406 current=spec/rubocop/cop/layout/closing_parenthesis_indentation_spec.rb
[2026-04-23T11:21:15Z] [iter=3] HEARTBEAT target_type=call_site elapsed_min=183.9 files_done=240 resolved=799 errors=5500 current=spec/rubocop/cop/layout/first_method_parameter_line_break_spec.rb
[2026-04-23T11:25:28Z] [iter=3] HEARTBEAT target_type=call_site elapsed_min=188.2 files_done=246 resolved=823 errors=5630 current=spec/rubocop/cop/lint/shadowing_outer_local_variable_spec.rb
[2026-04-23T11:29:32Z] [iter=3] HEARTBEAT target_type=call_site elapsed_min=192.2 files_done=248 resolved=829 errors=5756 current=spec/rubocop/cop/style/hash_transform_values_spec.rb
[2026-04-23T11:30:06Z] [iter=3] HEARTBEAT target_type=call_site elapsed_min=192.8 files_done=250 resolved=836 errors=5772 current=lib/rubocop/cop/style/super_with_args_parentheses.rb
[2026-04-23T11:37:35Z] [iter=3] HEARTBEAT target_type=call_site elapsed_min=200.3 files_done=252 resolved=848 errors=6004 current=lib/rubocop/server/cache.rb
[2026-04-23T11:38:44Z] [iter=3] HEARTBEAT target_type=call_site elapsed_min=201.4 files_done=253 resolved=888 errors=6039 current=spec/rubocop/cop/style/commented_keyword_spec.rb
[2026-04-23T11:42:05Z] [iter=3] HEARTBEAT target_type=call_site elapsed_min=204.8 files_done=255 resolved=896 errors=6143 current=lib/rubocop/formatter/markdown_formatter.rb
[2026-04-23T11:43:07Z] [iter=3] HEARTBEAT target_type=call_site elapsed_min=205.8 files_done=256 resolved=908 errors=6175 current=spec/rubocop/cop/style/magic_comment_format_spec.rb
[2026-04-23T11:44:12Z] [iter=3] HEARTBEAT target_type=call_site elapsed_min=206.9 files_done=259 resolved=909 errors=6208 current=spec/rubocop/cop/variable_force_spec.rb
[2026-04-23T11:47:26Z] [iter=3] HEARTBEAT target_type=call_site elapsed_min=210.1 files_done=263 resolved=937 errors=6307 current=spec/rubocop/cop/layout/trailing_empty_lines_spec.rb
[2026-04-23T11:48:11Z] [iter=3] HEARTBEAT target_type=call_site elapsed_min=210.9 files_done=265 resolved=943 errors=6330 current=lib/rubocop/cop/style/file_read.rb
[2026-04-23T11:48:48Z] [iter=3] HEARTBEAT target_type=call_site elapsed_min=211.5 files_done=266 resolved=952 errors=6349 current=lib/rubocop/cop/metrics/utils/repeated_attribute_discount.rb
[2026-04-23T11:49:39Z] [iter=3] HEARTBEAT target_type=call_site elapsed_min=212.3 files_done=267 resolved=962 errors=6375 current=spec/rubocop/cop/corrector_spec.rb
[2026-04-23T11:50:22Z] [iter=3] HEARTBEAT target_type=call_site elapsed_min=213.1 files_done=268 resolved=966 errors=6397 current=lib/rubocop/cop/mixin/hash_transform_method/autocorrection.rb
[2026-04-23T11:51:18Z] [iter=3] HEARTBEAT target_type=call_site elapsed_min=214.0 files_done=269 resolved=975 errors=6426 current=lib/rubocop/cop/style/redundant_argument.rb
[2026-04-23T11:52:47Z] [iter=3] HEARTBEAT target_type=call_site elapsed_min=215.5 files_done=270 resolved=978 errors=6472 current=lib/rubocop/cop/variable_force/assignment.rb
[2026-04-23T11:54:20Z] [iter=3] HEARTBEAT target_type=call_site elapsed_min=217.0 files_done=271 resolved=984 errors=6520 current=spec/rubocop/cop/style/collection_compact_spec.rb
[2026-04-23T11:55:26Z] [iter=3] HEARTBEAT target_type=call_site elapsed_min=218.1 files_done=273 resolved=985 errors=6554 current=lib/rubocop/cop/lint/unexpected_block_arity.rb
[2026-04-23T11:56:05Z] [iter=3] HEARTBEAT target_type=call_site elapsed_min=218.8 files_done=274 resolved=986 errors=6574 current=spec/rubocop/cop/style/hash_conversion_spec.rb
[2026-04-23T11:57:41Z] [iter=3] HEARTBEAT target_type=call_site elapsed_min=220.4 files_done=279 resolved=1007 errors=6621 current=lib/rubocop/cop/style/one_line_conditional.rb
[2026-04-23T11:59:25Z] [iter=3] HEARTBEAT target_type=call_site elapsed_min=222.1 files_done=280 resolved=1012 errors=6675 current=lib/rubocop/cop/style/class_equality_comparison.rb
[2026-04-23T12:00:41Z] [iter=3] HEARTBEAT target_type=call_site elapsed_min=223.4 files_done=281 resolved=1019 errors=6714 current=spec/rubocop/cop/layout/empty_lines_around_module_body_spec.rb
[2026-04-23T12:06:35Z] [iter=3] HEARTBEAT target_type=call_site elapsed_min=229.3 files_done=286 resolved=1039 errors=6894 current=spec/rubocop/cop/style/explicit_block_argument_spec.rb
[2026-04-23T12:10:12Z] [iter=3] HEARTBEAT target_type=call_site elapsed_min=232.9 files_done=290 resolved=1042 errors=7005 current=spec/rubocop/plugin/configuration_integrator_spec.rb
[2026-04-23T12:11:27Z] [iter=3] HEARTBEAT target_type=call_site elapsed_min=234.1 files_done=292 resolved=1052 errors=7043 current=lib/rubocop/cop/lint/useless_constant_scoping.rb
[2026-04-23T12:12:06Z] [iter=3] HEARTBEAT target_type=call_site elapsed_min=234.8 files_done=293 resolved=1054 errors=7063 current=lib/rubocop/cop/layout/space_around_block_parameters.rb
[2026-04-23T12:14:39Z] [iter=3] HEARTBEAT target_type=call_site elapsed_min=237.3 files_done=294 resolved=1057 errors=7142 current=spec/rubocop/cop/style/map_into_array_spec.rb
[2026-04-23T12:15:45Z] [iter=3] HEARTBEAT target_type=call_site elapsed_min=238.4 files_done=296 resolved=1066 errors=7175 current=lib/rubocop/cop/layout/access_modifier_indentation.rb
[2026-04-23T12:16:22Z] [iter=3] HEARTBEAT target_type=call_site elapsed_min=239.1 files_done=297 resolved=1071 errors=7194 current=lib/rubocop/cop/naming/block_forwarding.rb
[2026-04-23T12:17:34Z] [iter=3] CHECKPOINT TRIGGERED elapsed_min=240.3 files_completed=669 new_files_this_iter=297 mem_mb=1472 MB
[2026-04-23T12:17:34Z] [iter=3] Writing partial enrichment graph path=/home/runner/work/forx/forx/storage/aggregate/lsp/af8026643d436c4570bf7063a7475e2cad95fd49.nq.gz triples=179767
[2026-04-23T12:17:38Z] [iter=3] Checkpoint written, exiting with code 7
[2026-04-23T12:17:38Z] [iter=3] PHASE END: enrich (checkpointed) elapsed_s=14415 elapsed_min=240.3 files_completed=669
