[2026-04-23T12:29:33Z] === ENRICH ITERATION 4 START | repo=rubocop/rubocop sha=af802664 ===
[2026-04-23T12:29:33Z] [iter=4] PHASE START: enrich repo=rubocop/rubocop sha=af802664 runlog=/home/runner/work/forx/forx/storage/aggregate/lsp/logs/af802664-enrich-iter-004.log output=/home/runner/work/forx/forx/storage/aggregate/lsp/af8026643d436c4570bf7063a7475e2cad95fd49.nq.gz
[2026-04-23T12:29:45Z] [iter=4] Step 1: Loading AST into disk-backed store mem_mb=78 MB
[2026-04-23T12:30:40Z] [iter=4] AST store loaded triples=5962817 load_secs=53 mem_mb=1052 MB
[2026-04-23T12:30:40Z] [iter=4] Step 2: Finding LSP targets mem_mb=1052 MB
[2026-04-23T12:31:17Z] [iter=4] LSP targets found call_sites=110635 imports=0 extends=0 implements=0 secs=37
[2026-04-23T12:31:25Z] [iter=4] Loaded checkpoint partial graph triples=179767
[2026-04-23T12:31:58Z] [iter=4] Step 2.7: Building position index (one-shot, shared across resolvers) mem_mb=1052 MB
[2026-04-23T12:32:32Z] [iter=4] Position index built positions=361286 nodes_with_types=479789 secs=34 mem_mb=1716 MB
[2026-04-23T12:32:32Z] [iter=4] Step 3: Starting LSP resolution mem_mb=1716 MB already_completed_types=[] already_completed_files=669
[2026-04-23T12:32:32Z] [iter=4] Resolving target type target_type=call_site count=110635
[2026-04-23T12:32:33Z] [iter=4] HEARTBEAT target_type=call_site elapsed_min=3.0 files_done=0 resolved=0 errors=0 current=lib/rubocop/cop/naming/block_forwarding.rb
[2026-04-23T12:34:20Z] [iter=4] HEARTBEAT target_type=call_site elapsed_min=4.8 files_done=1 resolved=2 errors=50 current=lib/rubocop/cop/style/empty_string_inside_interpolation.rb
[2026-04-23T12:35:20Z] [iter=4] HEARTBEAT target_type=call_site elapsed_min=5.8 files_done=2 resolved=5 errors=81 current=spec/rubocop/string_interpreter_spec.rb
[2026-04-23T12:36:31Z] [iter=4] HEARTBEAT target_type=call_site elapsed_min=7.0 files_done=5 resolved=11 errors=117 current=lib/rubocop/cop/style/ternary_parentheses.rb
[2026-04-23T12:39:27Z] [iter=4] HEARTBEAT target_type=call_site elapsed_min=9.9 files_done=6 resolved=21 errors=208 current=lib/rubocop/cop/style/partition_instead_of_double_select.rb
[2026-04-23T12:43:44Z] [iter=4] HEARTBEAT target_type=call_site elapsed_min=14.2 files_done=7 resolved=29 errors=341 current=lib/rubocop/cop/style/data_inheritance.rb
[2026-04-23T12:44:48Z] [iter=4] HEARTBEAT target_type=call_site elapsed_min=15.2 files_done=8 resolved=34 errors=374 current=tasks/new_cop.rake
[2026-04-23T12:49:26Z] [iter=4] HEARTBEAT target_type=call_site elapsed_min=19.9 files_done=10 resolved=50 errors=518 current=spec/rubocop/cop/visibility_help_spec.rb
[2026-04-23T12:50:25Z] [iter=4] HEARTBEAT target_type=call_site elapsed_min=20.9 files_done=12 resolved=53 errors=548 current=spec/rubocop/cop/internal_affairs/location_exists_spec.rb
[2026-04-23T12:54:29Z] [iter=4] HEARTBEAT target_type=call_site elapsed_min=24.9 files_done=20 resolved=55 errors=673 current=spec/rubocop/cop/style/variable_interpolation_spec.rb
[2026-04-23T12:56:20Z] [iter=4] HEARTBEAT target_type=call_site elapsed_min=26.8 files_done=23 resolved=60 errors=730 current=lib/rubocop/cop/lint/ineffective_access_modifier.rb
[2026-04-23T12:57:07Z] [iter=4] HEARTBEAT target_type=call_site elapsed_min=27.6 files_done=24 resolved=67 errors=754 current=lib/rubocop/cop/style/dig_chain.rb
[2026-04-23T12:58:01Z] [iter=4] HEARTBEAT target_type=call_site elapsed_min=28.5 files_done=25 resolved=73 errors=782 current=lib/rubocop/cop/style/super_arguments.rb
[2026-04-23T13:01:02Z] [iter=4] HEARTBEAT target_type=call_site elapsed_min=31.5 files_done=26 resolved=74 errors=876 current=spec/rubocop/cop/lint/duplicate_require_spec.rb
[2026-04-23T13:01:38Z] [iter=4] HEARTBEAT target_type=call_site elapsed_min=32.1 files_done=30 resolved=80 errors=894 current=spec/rubocop/cop/style/return_nil_in_predicate_method_definition_spec.rb
[2026-04-23T13:04:29Z] [iter=4] HEARTBEAT target_type=call_site elapsed_min=34.9 files_done=32 resolved=82 errors=982 current=spec/rubocop/cop/lint/uri_regexp_spec.rb
[2026-04-23T13:05:14Z] [iter=4] HEARTBEAT target_type=call_site elapsed_min=35.7 files_done=34 resolved=83 errors=1005 current=lib/rubocop/cop/layout/first_method_argument_line_break.rb
[2026-04-23T13:06:09Z] [iter=4] HEARTBEAT target_type=call_site elapsed_min=36.6 files_done=38 resolved=96 errors=1033 current=spec/rubocop/cop/lint/shadowed_exception_spec.rb
[2026-04-23T13:07:38Z] [iter=4] HEARTBEAT target_type=call_site elapsed_min=38.1 files_done=43 resolved=114 errors=1078 current=spec/rubocop/cop/style/require_order_spec.rb
[2026-04-23T13:10:04Z] [iter=4] HEARTBEAT target_type=call_site elapsed_min=40.5 files_done=45 resolved=128 errors=1153 current=spec/rubocop/cop/style/semicolon_spec.rb
[2026-04-23T13:12:13Z] [iter=4] HEARTBEAT target_type=call_site elapsed_min=42.7 files_done=48 resolved=139 errors=1219 current=spec/rubocop/cop/variable_force/variable_spec.rb
[2026-04-23T13:14:19Z] [iter=4] HEARTBEAT target_type=call_site elapsed_min=44.8 files_done=54 resolved=169 errors=1282 current=lib/rubocop/plugin/configuration_integrator.rb
[2026-04-23T13:16:01Z] [iter=4] HEARTBEAT target_type=call_site elapsed_min=46.5 files_done=55 resolved=175 errors=1334 current=tasks/cops_documentation.rake
[2026-04-23T13:19:01Z] [iter=4] HEARTBEAT target_type=call_site elapsed_min=49.5 files_done=57 resolved=186 errors=1427 current=spec/rubocop/cop/style/hash_except_spec.rb
[2026-04-23T13:21:51Z] [iter=4] HEARTBEAT target_type=call_site elapsed_min=52.3 files_done=59 resolved=193 errors=1513 current=lib/rubocop/cop/style/accessor_grouping.rb
[2026-04-23T13:24:58Z] [iter=4] HEARTBEAT target_type=call_site elapsed_min=55.4 files_done=60 resolved=198 errors=1610 current=lib/rubocop/server.rb
[2026-04-23T13:25:34Z] [iter=4] HEARTBEAT target_type=call_site elapsed_min=56.0 files_done=62 resolved=216 errors=1628 current=spec/rubocop/formatter/simple_text_formatter_spec.rb
[2026-04-23T13:26:29Z] [iter=4] HEARTBEAT target_type=call_site elapsed_min=56.9 files_done=64 resolved=238 errors=1655 current=lib/rubocop/cop/force.rb
[2026-04-23T13:27:09Z] [iter=4] HEARTBEAT target_type=call_site elapsed_min=57.6 files_done=66 resolved=255 errors=1675 current=spec/rubocop/cop/lint/hash_new_with_keyword_arguments_as_default_spec.rb
[2026-04-23T13:28:08Z] [iter=4] HEARTBEAT target_type=call_site elapsed_min=58.6 files_done=68 resolved=267 errors=1705 current=lib/rubocop/cop/mixin/ordered_gem_node.rb
[2026-04-23T13:28:49Z] [iter=4] HEARTBEAT target_type=call_site elapsed_min=59.3 files_done=69 resolved=268 errors=1726 current=spec/rubocop/cop/layout/first_hash_element_line_break_spec.rb
[2026-04-23T13:29:43Z] [iter=4] HEARTBEAT target_type=call_site elapsed_min=60.2 files_done=71 resolved=286 errors=1753 current=lib/rubocop/cop/style/static_class.rb
[2026-04-23T13:31:27Z] [iter=4] HEARTBEAT target_type=call_site elapsed_min=61.9 files_done=72 resolved=289 errors=1807 current=spec/rubocop/cop/lint/literal_assignment_in_condition_spec.rb
[2026-04-23T13:32:55Z] [iter=4] HEARTBEAT target_type=call_site elapsed_min=63.4 files_done=75 resolved=292 errors=1852 current=spec/rubocop/cop/style/string_literals_spec.rb
[2026-04-23T13:35:18Z] [iter=4] HEARTBEAT target_type=call_site elapsed_min=65.7 files_done=77 resolved=300 errors=1924 current=lib/rubocop/cop/style/multiline_if_modifier.rb
[2026-04-23T13:36:05Z] [iter=4] HEARTBEAT target_type=call_site elapsed_min=66.5 files_done=78 resolved=304 errors=1948 current=lib/rubocop/config_finder.rb
[2026-04-23T13:37:17Z] [iter=4] HEARTBEAT target_type=call_site elapsed_min=67.7 files_done=80 resolved=331 errors=1985 current=lib/rubocop/cop/style/nested_parenthesized_calls.rb
[2026-04-23T13:38:08Z] [iter=4] HEARTBEAT target_type=call_site elapsed_min=68.6 files_done=81 resolved=335 errors=2011 current=lib/rubocop/cop/lint/useless_numeric_operation.rb
[2026-04-23T13:39:00Z] [iter=4] HEARTBEAT target_type=call_site elapsed_min=69.4 files_done=85 resolved=350 errors=2037 current=spec/rubocop/cop/internal_affairs/style_detected_api_use_spec.rb
[2026-04-23T13:40:00Z] [iter=4] HEARTBEAT target_type=call_site elapsed_min=70.4 files_done=93 resolved=358 errors=2067 current=spec/rubocop/formatter/quiet_formatter_spec.rb
[2026-04-23T13:41:16Z] [iter=4] HEARTBEAT target_type=call_site elapsed_min=71.7 files_done=95 resolved=369 errors=2106 current=spec/rubocop/cop/style/map_to_set_spec.rb
[2026-04-23T13:42:04Z] [iter=4] HEARTBEAT target_type=call_site elapsed_min=72.5 files_done=99 resolved=375 errors=2130 current=spec/rubocop/cop/migration/department_name_spec.rb
[2026-04-23T13:43:37Z] [iter=4] HEARTBEAT target_type=call_site elapsed_min=74.1 files_done=102 resolved=381 errors=2178 current=lib/rubocop/rspec/shared_contexts.rb
[2026-04-23T13:44:56Z] [iter=4] HEARTBEAT target_type=call_site elapsed_min=75.4 files_done=103 resolved=413 errors=2218 current=spec/rubocop/cop/bundler/ordered_gems_spec.rb
[2026-04-23T13:46:30Z] [iter=4] HEARTBEAT target_type=call_site elapsed_min=76.9 files_done=106 resolved=415 errors=2266 current=lib/rubocop/cop/security/yaml_load.rb
[2026-04-23T13:49:22Z] [iter=4] HEARTBEAT target_type=call_site elapsed_min=79.8 files_done=110 resolved=425 errors=2354 current=spec/spec_helper.rb
[2026-04-23T13:50:13Z] [iter=4] HEARTBEAT target_type=call_site elapsed_min=80.7 files_done=112 resolved=453 errors=2380 current=spec/rubocop/cop/layout/trailing_whitespace_spec.rb
[2026-04-23T13:50:44Z] [iter=4] HEARTBEAT target_type=call_site elapsed_min=81.2 files_done=114 resolved=454 errors=2396 current=spec/rubocop/cop/style/concat_array_literals_spec.rb
[2026-04-23T13:52:00Z] [iter=4] HEARTBEAT target_type=call_site elapsed_min=82.5 files_done=116 resolved=458 errors=2435 current=spec/rubocop/cop/layout/empty_lines_around_class_body_spec.rb
[2026-04-23T13:52:57Z] [iter=4] HEARTBEAT target_type=call_site elapsed_min=83.4 files_done=120 resolved=460 errors=2464 current=spec/rubocop/cop/lint/useless_numeric_operation_spec.rb
[2026-04-23T13:53:49Z] [iter=4] HEARTBEAT target_type=call_site elapsed_min=84.3 files_done=123 resolved=464 errors=2490 current=spec/rubocop/cop/lint/non_atomic_file_operation_spec.rb
[2026-04-23T13:55:36Z] [iter=4] HEARTBEAT target_type=call_site elapsed_min=86.0 files_done=125 resolved=476 errors=2545 current=lib/rubocop/cli/command/suggest_extensions.rb
[2026-04-23T13:56:52Z] [iter=4] HEARTBEAT target_type=call_site elapsed_min=87.3 files_done=126 resolved=479 errors=2584 current=spec/rubocop/cop/style/each_with_object_spec.rb
[2026-04-23T13:58:13Z] [iter=4] HEARTBEAT target_type=call_site elapsed_min=88.7 files_done=130 resolved=488 errors=2625 current=lib/rubocop/cop/team.rb
[2026-04-23T14:01:30Z] [iter=4] HEARTBEAT target_type=call_site elapsed_min=91.9 files_done=131 resolved=501 errors=2727 current=lib/rubocop/cop/utils/format_string.rb
[2026-04-23T14:02:26Z] [iter=4] HEARTBEAT target_type=call_site elapsed_min=92.9 files_done=132 resolved=503 errors=2756 current=lib/rubocop/cops_documentation_generator.rb
[2026-04-23T14:08:08Z] [iter=4] HEARTBEAT target_type=call_site elapsed_min=98.6 files_done=133 resolved=523 errors=2932 current=lib/rubocop/cop/lint/interpolation_check.rb
[2026-04-23T14:09:16Z] [iter=4] HEARTBEAT target_type=call_site elapsed_min=99.7 files_done=134 resolved=524 errors=2967 current=lib/rubocop/cop/correctors/parentheses_corrector.rb
[2026-04-23T14:11:16Z] [iter=4] HEARTBEAT target_type=call_site elapsed_min=101.7 files_done=135 resolved=525 errors=3029 current=lib/rubocop/cop/lint/unmodified_reduce_accumulator.rb
[2026-04-23T14:12:26Z] [iter=4] HEARTBEAT target_type=call_site elapsed_min=102.9 files_done=136 resolved=539 errors=3065 current=lib/rubocop/cop/mixin/alignment.rb
[2026-04-23T14:13:23Z] [iter=4] HEARTBEAT target_type=call_site elapsed_min=103.8 files_done=137 resolved=542 errors=3094 current=spec/rubocop/cop/style/map_compact_with_conditional_block_spec.rb
[2026-04-23T14:13:57Z] [iter=4] HEARTBEAT target_type=call_site elapsed_min=104.4 files_done=139 resolved=542 errors=3111 current=lib/rubocop/magic_comment.rb
[2026-04-23T14:15:13Z] [iter=4] HEARTBEAT target_type=call_site elapsed_min=105.7 files_done=140 resolved=542 errors=3150 current=spec/rubocop/cop/gemspec/development_dependencies_spec.rb
[2026-04-23T14:16:44Z] [iter=4] HEARTBEAT target_type=call_site elapsed_min=107.2 files_done=142 resolved=546 errors=3197 current=spec/rubocop/cop/naming/accessor_method_name_spec.rb
[2026-04-23T14:17:37Z] [iter=4] HEARTBEAT target_type=call_site elapsed_min=108.1 files_done=144 resolved=549 errors=3224 current=lib/rubocop/cop/style/redundant_each.rb
[2026-04-23T14:19:29Z] [iter=4] HEARTBEAT target_type=call_site elapsed_min=109.9 files_done=145 resolved=550 errors=3282 current=spec/rubocop/cop/style/multiline_if_then_spec.rb
[2026-04-23T14:21:59Z] [iter=4] HEARTBEAT target_type=call_site elapsed_min=112.4 files_done=148 resolved=551 errors=3359 current=lib/rubocop/cop/layout/else_alignment.rb
[2026-04-23T14:24:35Z] [iter=4] HEARTBEAT target_type=call_site elapsed_min=115.0 files_done=149 resolved=556 errors=3439 current=lib/rubocop/cop/layout/leading_comment_space.rb
[2026-04-23T14:26:12Z] [iter=4] HEARTBEAT target_type=call_site elapsed_min=116.6 files_done=150 resolved=562 errors=3489 current=lib/rubocop/cop/layout/line_continuation_spacing.rb
[2026-04-23T14:27:48Z] [iter=4] HEARTBEAT target_type=call_site elapsed_min=118.3 files_done=151 resolved=565 errors=3539 current=spec/rubocop/cop/layout/indentation_style_spec.rb
[2026-04-23T14:28:37Z] [iter=4] HEARTBEAT target_type=call_site elapsed_min=119.1 files_done=157 resolved=578 errors=3563 current=spec/rubocop/cop/style/trailing_body_on_method_definition_spec.rb
[2026-04-23T14:29:10Z] [iter=4] HEARTBEAT target_type=call_site elapsed_min=119.6 files_done=160 resolved=582 errors=3580 current=lib/rubocop/cop/mixin/hash_shorthand_syntax.rb
[2026-04-23T14:32:55Z] [iter=4] HEARTBEAT target_type=call_site elapsed_min=123.4 files_done=161 resolved=590 errors=3696 current=lib/rubocop/cop/internal_affairs/node_first_or_last_argument.rb
[2026-04-23T14:33:48Z] [iter=4] HEARTBEAT target_type=call_site elapsed_min=124.2 files_done=164 resolved=602 errors=3723 current=lib/rubocop/directive_comment.rb
[2026-04-23T14:35:50Z] [iter=4] HEARTBEAT target_type=call_site elapsed_min=126.3 files_done=165 resolved=607 errors=3786 current=lib/rubocop/cop/mixin/multiline_expression_indentation.rb
[2026-04-23T14:38:59Z] [iter=4] HEARTBEAT target_type=call_site elapsed_min=129.4 files_done=166 resolved=610 errors=3884 current=lib/rubocop/cop/style/float_division.rb
[2026-04-23T14:40:09Z] [iter=4] HEARTBEAT target_type=call_site elapsed_min=130.6 files_done=167 resolved=624 errors=3920 current=spec/rubocop/cop/style/predicate_with_kind_spec.rb
[2026-04-23T14:41:49Z] [iter=4] HEARTBEAT target_type=call_site elapsed_min=132.3 files_done=169 resolved=634 errors=3971 current=lib/rubocop/cop/variable_force/variable.rb
[2026-04-23T14:43:16Z] [iter=4] HEARTBEAT target_type=call_site elapsed_min=133.7 files_done=170 resolved=639 errors=4016 current=spec/rubocop/cop/style/documentation_method_spec.rb
[2026-04-23T14:44:44Z] [iter=4] HEARTBEAT target_type=call_site elapsed_min=135.2 files_done=174 resolved=681 errors=4060 current=lib/rubocop/cop/style/quoted_symbols.rb
[2026-04-23T14:45:38Z] [iter=4] HEARTBEAT target_type=call_site elapsed_min=136.1 files_done=175 resolved=685 errors=4088 current=lib/rubocop/cop/style/nested_ternary_operator.rb
[2026-04-23T14:46:29Z] [iter=4] HEARTBEAT target_type=call_site elapsed_min=136.9 files_done=176 resolved=687 errors=4114 current=spec/rubocop/cop/layout/space_around_method_call_operator_spec.rb
[2026-04-23T14:47:37Z] [iter=4] HEARTBEAT target_type=call_site elapsed_min=138.1 files_done=178 resolved=694 errors=4149 current=lib/rubocop/target_finder.rb
[2026-04-23T14:50:17Z] [iter=4] HEARTBEAT target_type=call_site elapsed_min=140.7 files_done=179 resolved=721 errors=4232 current=spec/rubocop/cop/style/bisected_attr_accessor_spec.rb
[2026-04-23T14:51:39Z] [iter=4] HEARTBEAT target_type=call_site elapsed_min=142.1 files_done=182 resolved=736 errors=4274 current=lib/rubocop/cop/style/redundant_interpolation_unfreeze.rb
[2026-04-23T14:52:14Z] [iter=4] HEARTBEAT target_type=call_site elapsed_min=142.7 files_done=183 resolved=741 errors=4292 current=lib/rubocop/cop/mixin/range_help.rb
[2026-04-23T14:54:23Z] [iter=4] HEARTBEAT target_type=call_site elapsed_min=144.8 files_done=184 resolved=746 errors=4359 current=spec/rubocop/cop/style/while_until_do_spec.rb
[2026-04-23T14:56:06Z] [iter=4] HEARTBEAT target_type=call_site elapsed_min=146.5 files_done=186 resolved=749 errors=4412 current=spec/rubocop/cop/range_help_spec.rb
[2026-04-23T14:59:19Z] [iter=4] HEARTBEAT target_type=call_site elapsed_min=149.8 files_done=189 resolved=760 errors=4511 current=spec/rubocop/cop/internal_affairs/node_first_or_last_argument_spec.rb
[2026-04-23T14:59:57Z] [iter=4] HEARTBEAT target_type=call_site elapsed_min=150.4 files_done=193 resolved=761 errors=4530 current=lib/rubocop/cop/style/multiple_comparison.rb
[2026-04-23T15:01:30Z] [iter=4] HEARTBEAT target_type=call_site elapsed_min=152.0 files_done=194 resolved=769 errors=4578 current=lib/rubocop/cop/internal_affairs/redundant_source_range.rb
[2026-04-23T15:03:14Z] [iter=4] HEARTBEAT target_type=call_site elapsed_min=153.7 files_done=198 resolved=775 errors=4631 current=spec/rubocop/cop/style/keyword_parameters_order_spec.rb
[2026-04-23T15:04:12Z] [iter=4] HEARTBEAT target_type=call_site elapsed_min=154.7 files_done=201 resolved=784 errors=4661 current=lib/rubocop/cop/style/empty_class_definition.rb
[2026-04-23T15:05:09Z] [iter=4] HEARTBEAT target_type=call_site elapsed_min=155.6 files_done=202 resolved=788 errors=4690 current=lib/rubocop/cop/lint/self_assignment.rb
[2026-04-23T15:08:04Z] [iter=4] HEARTBEAT target_type=call_site elapsed_min=158.5 files_done=203 resolved=788 errors=4781 current=lib/rubocop/cli/command/execute_runner.rb
[2026-04-23T15:08:47Z] [iter=4] HEARTBEAT target_type=call_site elapsed_min=159.2 files_done=204 resolved=799 errors=4803 current=spec/rubocop/cop/style/redundant_double_splat_hash_braces_spec.rb
[2026-04-23T15:10:55Z] [iter=4] HEARTBEAT target_type=call_site elapsed_min=161.4 files_done=206 resolved=804 errors=4869 current=lib/rubocop/cop/lint/rand_one.rb
[2026-04-23T15:11:55Z] [iter=4] HEARTBEAT target_type=call_site elapsed_min=162.4 files_done=211 resolved=815 errors=4899 current=lib/rubocop/cop/lint/duplicate_match_pattern.rb
[2026-04-23T15:12:26Z] [iter=4] HEARTBEAT target_type=call_site elapsed_min=162.9 files_done=212 resolved=817 errors=4915 current=lib/rubocop/rake_task.rb
[2026-04-23T15:13:22Z] [iter=4] HEARTBEAT target_type=call_site elapsed_min=163.8 files_done=213 resolved=838 errors=4944 current=spec/rubocop/cop/style/mixin_grouping_spec.rb
[2026-04-23T15:14:26Z] [iter=4] HEARTBEAT target_type=call_site elapsed_min=164.9 files_done=215 resolved=849 errors=4977 current=lib/rubocop/cop/lint/hash_new_with_keyword_arguments_as_default.rb
[2026-04-23T15:15:51Z] [iter=4] HEARTBEAT target_type=call_site elapsed_min=166.3 files_done=218 resolved=855 errors=5020 current=spec/rubocop/cop/bundler/duplicated_group_spec.rb
[2026-04-23T15:20:39Z] [iter=4] HEARTBEAT target_type=call_site elapsed_min=171.1 files_done=220 resolved=865 errors=5169 current=lib/rubocop/cop/style/collection_compact.rb
[2026-04-23T15:21:41Z] [iter=4] HEARTBEAT target_type=call_site elapsed_min=172.1 files_done=221 resolved=882 errors=5201 current=lib/rubocop/cop/lint/unreachable_pattern_branch.rb
[2026-04-23T15:22:16Z] [iter=4] HEARTBEAT target_type=call_site elapsed_min=172.7 files_done=222 resolved=883 errors=5219 current=spec/rubocop/cop/generator/require_file_injector_spec.rb
[2026-04-23T15:23:14Z] [iter=4] HEARTBEAT target_type=call_site elapsed_min=173.7 files_done=226 resolved=897 errors=5248 current=spec/rubocop/cop/lint/rescue_type_spec.rb
[2026-04-23T15:24:56Z] [iter=4] HEARTBEAT target_type=call_site elapsed_min=175.4 files_done=229 resolved=899 errors=5300 current=spec/rubocop/cop/layout/space_inside_percent_literal_delimiters_spec.rb
[2026-04-23T15:25:29Z] [iter=4] HEARTBEAT target_type=call_site elapsed_min=175.9 files_done=232 resolved=901 errors=5317 current=lib/rubocop/cop/lint/numeric_operation_with_constant_result.rb
[2026-04-23T15:26:43Z] [iter=4] HEARTBEAT target_type=call_site elapsed_min=177.2 files_done=234 resolved=907 errors=5355 current=spec/rubocop/cop/style/array_first_last_spec.rb
[2026-04-23T15:28:20Z] [iter=4] HEARTBEAT target_type=call_site elapsed_min=178.8 files_done=236 resolved=909 errors=5405 current=lib/rubocop/cop/style/frozen_string_literal_comment.rb
[2026-04-23T15:30:22Z] [iter=4] HEARTBEAT target_type=call_site elapsed_min=180.8 files_done=237 resolved=914 errors=5468 current=lib/rubocop/cop/gemspec/dependency_version.rb
[2026-04-23T15:30:53Z] [iter=4] HEARTBEAT target_type=call_site elapsed_min=181.3 files_done=239 resolved=926 errors=5483 current=lib/rubocop/cop/layout/space_in_lambda_literal.rb
[2026-04-23T15:31:58Z] [iter=4] HEARTBEAT target_type=call_site elapsed_min=182.4 files_done=240 resolved=929 errors=5517 current=spec/rubocop/cop/style/redundant_interpolation_unfreeze_spec.rb
[2026-04-23T15:32:35Z] [iter=4] HEARTBEAT target_type=call_site elapsed_min=183.0 files_done=245 resolved=937 errors=5535 current=lib/rubocop/cop/style/nil_comparison.rb
[2026-04-23T15:33:25Z] [iter=4] HEARTBEAT target_type=call_site elapsed_min=183.9 files_done=246 resolved=943 errors=5561 current=lib/rubocop/cop/style/nested_modifier.rb
[2026-04-23T15:35:13Z] [iter=4] HEARTBEAT target_type=call_site elapsed_min=185.7 files_done=247 resolved=945 errors=5617 current=lib/rubocop/cop/style/block_comments.rb
[2026-04-23T15:36:07Z] [iter=4] HEARTBEAT target_type=call_site elapsed_min=186.6 files_done=248 resolved=947 errors=5645 current=spec/rubocop/cop/lint/no_return_in_begin_end_blocks_spec.rb
[2026-04-23T15:37:10Z] [iter=4] HEARTBEAT target_type=call_site elapsed_min=187.6 files_done=250 resolved=959 errors=5677 current=spec/rubocop/cop/internal_affairs/on_send_without_on_csend_spec.rb
[2026-04-23T15:37:55Z] [iter=4] HEARTBEAT target_type=call_site elapsed_min=188.4 files_done=252 resolved=961 errors=5700 current=spec/rubocop/cop/internal_affairs/offense_location_keyword_spec.rb
[2026-04-23T15:38:49Z] [iter=4] HEARTBEAT target_type=call_site elapsed_min=189.3 files_done=255 resolved=969 errors=5728 current=spec/rubocop/cop/style/numeric_literal_prefix_spec.rb
[2026-04-23T15:39:42Z] [iter=4] HEARTBEAT target_type=call_site elapsed_min=190.1 files_done=258 resolved=972 errors=5755 current=spec/rubocop/cop/style/strip_spec.rb
[2026-04-23T15:40:43Z] [iter=4] HEARTBEAT target_type=call_site elapsed_min=191.2 files_done=261 resolved=984 errors=5786 current=lib/rubocop/cop/style/comparable_between.rb
[2026-04-23T15:41:26Z] [iter=4] HEARTBEAT target_type=call_site elapsed_min=191.9 files_done=263 resolved=1010 errors=5808 current=spec/rubocop/cop/lint/useless_defined_spec.rb
[2026-04-23T15:44:21Z] [iter=4] HEARTBEAT target_type=call_site elapsed_min=194.8 files_done=266 resolved=1017 errors=5898 current=spec/rubocop/cop/layout/heredoc_argument_closing_parenthesis_spec.rb
[2026-04-23T15:45:10Z] [iter=4] HEARTBEAT target_type=call_site elapsed_min=195.6 files_done=268 resolved=1026 errors=5923 current=lib/rubocop/target_ruby.rb
[2026-04-23T15:46:38Z] [iter=4] HEARTBEAT target_type=call_site elapsed_min=197.1 files_done=269 resolved=1044 errors=5968 current=spec/rubocop/cop/layout/heredoc_indentation_spec.rb
[2026-04-23T15:47:35Z] [iter=4] HEARTBEAT target_type=call_site elapsed_min=198.0 files_done=275 resolved=1049 errors=5996 current=spec/rubocop/cop/style/multiline_if_modifier_spec.rb
[2026-04-23T15:50:28Z] [iter=4] HEARTBEAT target_type=call_site elapsed_min=200.9 files_done=277 resolved=1061 errors=6085 current=spec/rubocop/cop/style/symbol_proc_spec.rb
[2026-04-23T15:52:23Z] [iter=4] HEARTBEAT target_type=call_site elapsed_min=202.8 files_done=280 resolved=1068 errors=6143 current=lib/rubocop/cop/style/method_called_on_do_end_block.rb
[2026-04-23T15:53:26Z] [iter=4] HEARTBEAT target_type=call_site elapsed_min=203.9 files_done=284 resolved=1071 errors=6175 current=lib/rubocop/cop/mixin/end_keyword_alignment.rb
[2026-04-23T15:54:28Z] [iter=4] HEARTBEAT target_type=call_site elapsed_min=204.9 files_done=285 resolved=1074 errors=6207 current=spec/rubocop/cop/lint/array_literal_in_regexp_spec.rb
[2026-04-23T15:54:59Z] [iter=4] HEARTBEAT target_type=call_site elapsed_min=205.4 files_done=292 resolved=1080 errors=6222 current=lib/rubocop/cop/lint/unreachable_code.rb
[2026-04-23T15:56:07Z] [iter=4] HEARTBEAT target_type=call_site elapsed_min=206.6 files_done=293 resolved=1082 errors=6257 current=spec/rubocop/cop/lint/ambiguous_operator_precedence_spec.rb
[2026-04-23T15:57:05Z] [iter=4] HEARTBEAT target_type=call_site elapsed_min=207.5 files_done=299 resolved=1090 errors=6286 current=lib/rubocop/cop/lint/empty_conditional_body.rb
[2026-04-23T15:59:20Z] [iter=4] HEARTBEAT target_type=call_site elapsed_min=209.8 files_done=300 resolved=1093 errors=6356 current=spec/rubocop/cop/bundler/gem_version_spec.rb
[2026-04-23T16:02:00Z] [iter=4] HEARTBEAT target_type=call_site elapsed_min=212.4 files_done=304 resolved=1108 errors=6438 current=lib/rubocop/cop/lint/deprecated_open_ssl_constant.rb
[2026-04-23T16:04:19Z] [iter=4] HEARTBEAT target_type=call_site elapsed_min=214.8 files_done=305 resolved=1119 errors=6510 current=lib/rubocop/cop/layout/multiline_assignment_layout.rb
[2026-04-23T16:05:29Z] [iter=4] HEARTBEAT target_type=call_site elapsed_min=215.9 files_done=306 resolved=1123 errors=6546 current=spec/rubocop/cop/naming/constant_name_spec.rb
[2026-04-23T16:07:06Z] [iter=4] HEARTBEAT target_type=call_site elapsed_min=217.5 files_done=311 resolved=1128 errors=6595 current=lib/rubocop/cop/lint/symbol_conversion.rb
[2026-04-23T16:09:19Z] [iter=4] HEARTBEAT target_type=call_site elapsed_min=219.8 files_done=312 resolved=1134 errors=6664 current=spec/support/file_helper.rb
[2026-04-23T16:10:02Z] [iter=4] HEARTBEAT target_type=call_site elapsed_min=220.5 files_done=314 resolved=1145 errors=6686 current=lib/rubocop/cop/lint/loop.rb
[2026-04-23T16:10:52Z] [iter=4] HEARTBEAT target_type=call_site elapsed_min=221.3 files_done=315 resolved=1146 errors=6712 current=lib/rubocop/cop/layout/class_structure.rb
[2026-04-23T16:13:58Z] [iter=4] HEARTBEAT target_type=call_site elapsed_min=224.4 files_done=316 resolved=1150 errors=6808 current=lib/rubocop/server/client_command/stop.rb
[2026-04-23T16:14:44Z] [iter=4] HEARTBEAT target_type=call_site elapsed_min=225.2 files_done=318 resolved=1154 errors=6831 current=lib/rubocop/cop/lint/underscore_prefixed_variable_name.rb
[2026-04-23T16:15:17Z] [iter=4] HEARTBEAT target_type=call_site elapsed_min=225.7 files_done=319 resolved=1154 errors=6848 current=spec/rubocop/cop/style/empty_method_spec.rb
[2026-04-23T16:16:02Z] [iter=4] HEARTBEAT target_type=call_site elapsed_min=226.5 files_done=321 resolved=1157 errors=6871 current=lib/rubocop/formatter/disabled_config_formatter.rb
[2026-04-23T16:19:19Z] [iter=4] HEARTBEAT target_type=call_site elapsed_min=229.8 files_done=322 resolved=1179 errors=6972 current=lib/rubocop/cop/lint/redundant_with_index.rb
[2026-04-23T16:20:01Z] [iter=4] HEARTBEAT target_type=call_site elapsed_min=230.5 files_done=323 resolved=1183 errors=6994 current=spec/rubocop/cop/style/format_string_token_spec.rb
[2026-04-23T16:21:20Z] [iter=4] HEARTBEAT target_type=call_site elapsed_min=231.8 files_done=326 resolved=1195 errors=7033 current=lib/rubocop/cop/lint/ambiguous_operator.rb
[2026-04-23T16:22:20Z] [iter=4] HEARTBEAT target_type=call_site elapsed_min=232.8 files_done=327 resolved=1197 errors=7064 current=lib/rubocop/cop/mixin/preceding_following_alignment.rb
[2026-04-23T16:24:33Z] [iter=4] HEARTBEAT target_type=call_site elapsed_min=235.0 files_done=328 resolved=1200 errors=7133 current=lib/rubocop/cop/internal_affairs/itblock_handler.rb
[2026-04-23T16:25:20Z] [iter=4] HEARTBEAT target_type=call_site elapsed_min=235.8 files_done=330 resolved=1208 errors=7157 current=tasks/references.rake
[2026-04-23T16:26:27Z] [iter=4] HEARTBEAT target_type=call_site elapsed_min=236.9 files_done=332 resolved=1220 errors=7191 current=spec/rubocop/formatter/junit_formatter_spec.rb
[2026-04-23T16:28:08Z] [iter=4] HEARTBEAT target_type=call_site elapsed_min=238.6 files_done=334 resolved=1238 errors=7243 current=lib/rubocop/cop/lint/identity_comparison.rb
[2026-04-23T16:28:53Z] [iter=4] HEARTBEAT target_type=call_site elapsed_min=239.3 files_done=336 resolved=1247 errors=7266 current=spec/rubocop/cop/style/it_assignment_spec.rb
[2026-04-23T16:29:51Z] [iter=4] CHECKPOINT TRIGGERED elapsed_min=240.3 files_completed=1007 new_files_this_iter=338 mem_mb=1716 MB
[2026-04-23T16:29:51Z] [iter=4] Writing partial enrichment graph path=/home/runner/work/forx/forx/storage/aggregate/lsp/af8026643d436c4570bf7063a7475e2cad95fd49.nq.gz triples=234820
[2026-04-23T16:29:56Z] [iter=4] Checkpoint written, exiting with code 7
[2026-04-23T16:29:56Z] [iter=4] PHASE END: enrich (checkpointed) elapsed_s=14418 elapsed_min=240.3 files_completed=1007
